Start testing: Mar 22 20:55 CST
----------------------------------------------------------
1/302 Testing: tjunittest-shared
1/302 Test: tjunittest-shared
Command: "/home/ren/github/test/camera/yuv2jpeg/libjpeg-turbo-master/tjunittest"
Directory: /home/ren/github/test/camera/yuv2jpeg/libjpeg-turbo-master
"tjunittest-shared" start time: Mar 22 20:55 CST
Output:
----------------------------------------------------------
RGB Top-Down  -> 4:4:4 Q100 ... Done.
  Result in test_enc_RGB_TD_444_Q100.jpg
JPEG -> RGB Top-Down  2/1 ... Passed.
JPEG -> RGB Top-Down  15/8 ... Passed.
JPEG -> RGB Top-Down  7/4 ... Passed.
JPEG -> RGB Top-Down  13/8 ... Passed.
JPEG -> RGB Top-Down  3/2 ... Passed.
JPEG -> RGB Top-Down  11/8 ... Passed.
JPEG -> RGB Top-Down  5/4 ... Passed.
JPEG -> RGB Top-Down  9/8 ... Passed.
JPEG -> RGB Top-Down  ... Passed.
JPEG -> RGB Top-Down  7/8 ... Passed.
JPEG -> RGB Top-Down  3/4 ... Passed.
JPEG -> RGB Top-Down  5/8 ... Passed.
JPEG -> RGB Top-Down  1/2 ... Passed.
JPEG -> RGB Top-Down  3/8 ... Passed.
JPEG -> RGB Top-Down  1/4 ... Passed.
JPEG -> RGB Top-Down  1/8 ... Passed.

RGB Bottom-Up -> 4:4:4 Q100 ... Done.
  Result in test_enc_RGB_BU_444_Q100.jpg
JPEG -> RGB Bottom-Up 2/1 ... Passed.
JPEG -> RGB Bottom-Up 15/8 ... Passed.
JPEG -> RGB Bottom-Up 7/4 ... Passed.
JPEG -> RGB Bottom-Up 13/8 ... Passed.
JPEG -> RGB Bottom-Up 3/2 ... Passed.
JPEG -> RGB Bottom-Up 11/8 ... Passed.
JPEG -> RGB Bottom-Up 5/4 ... Passed.
JPEG -> RGB Bottom-Up 9/8 ... Passed.
JPEG -> RGB Bottom-Up ... Passed.
JPEG -> RGB Bottom-Up 7/8 ... Passed.
JPEG -> RGB Bottom-Up 3/4 ... Passed.
JPEG -> RGB Bottom-Up 5/8 ... Passed.
JPEG -> RGB Bottom-Up 1/2 ... Passed.
JPEG -> RGB Bottom-Up 3/8 ... Passed.
JPEG -> RGB Bottom-Up 1/4 ... Passed.
JPEG -> RGB Bottom-Up 1/8 ... Passed.

BGR Top-Down  -> 4:4:4 Q100 ... Done.
  Result in test_enc_BGR_TD_444_Q100.jpg
JPEG -> BGR Top-Down  2/1 ... Passed.
JPEG -> BGR Top-Down  15/8 ... Passed.
JPEG -> BGR Top-Down  7/4 ... Passed.
JPEG -> BGR Top-Down  13/8 ... Passed.
JPEG -> BGR Top-Down  3/2 ... Passed.
JPEG -> BGR Top-Down  11/8 ... Passed.
JPEG -> BGR Top-Down  5/4 ... Passed.
JPEG -> BGR Top-Down  9/8 ... Passed.
JPEG -> BGR Top-Down  ... Passed.
JPEG -> BGR Top-Down  7/8 ... Passed.
JPEG -> BGR Top-Down  3/4 ... Passed.
JPEG -> BGR Top-Down  5/8 ... Passed.
JPEG -> BGR Top-Down  1/2 ... Passed.
JPEG -> BGR Top-Down  3/8 ... Passed.
JPEG -> BGR Top-Down  1/4 ... Passed.
JPEG -> BGR Top-Down  1/8 ... Passed.

BGR Bottom-Up -> 4:4:4 Q100 ... Done.
  Result in test_enc_BGR_BU_444_Q100.jpg
JPEG -> BGR Bottom-Up 2/1 ... Passed.
JPEG -> BGR Bottom-Up 15/8 ... Passed.
JPEG -> BGR Bottom-Up 7/4 ... Passed.
JPEG -> BGR Bottom-Up 13/8 ... Passed.
JPEG -> BGR Bottom-Up 3/2 ... Passed.
JPEG -> BGR Bottom-Up 11/8 ... Passed.
JPEG -> BGR Bottom-Up 5/4 ... Passed.
JPEG -> BGR Bottom-Up 9/8 ... Passed.
JPEG -> BGR Bottom-Up ... Passed.
JPEG -> BGR Bottom-Up 7/8 ... Passed.
JPEG -> BGR Bottom-Up 3/4 ... Passed.
JPEG -> BGR Bottom-Up 5/8 ... Passed.
JPEG -> BGR Bottom-Up 1/2 ... Passed.
JPEG -> BGR Bottom-Up 3/8 ... Passed.
JPEG -> BGR Bottom-Up 1/4 ... Passed.
JPEG -> BGR Bottom-Up 1/8 ... Passed.

--------------------

RGBX Top-Down  -> 4:4:4 Q100 ... Done.
  Result in test_enc_RGBX_TD_444_Q100.jpg
JPEG -> RGBX Top-Down  2/1 ... Passed.
JPEG -> RGBX Top-Down  15/8 ... Passed.
JPEG -> RGBX Top-Down  7/4 ... Passed.
JPEG -> RGBX Top-Down  13/8 ... Passed.
JPEG -> RGBX Top-Down  3/2 ... Passed.
JPEG -> RGBX Top-Down  11/8 ... Passed.
JPEG -> RGBX Top-Down  5/4 ... Passed.
JPEG -> RGBX Top-Down  9/8 ... Passed.
JPEG -> RGBX Top-Down  ... Passed.
JPEG -> RGBX Top-Down  7/8 ... Passed.
JPEG -> RGBX Top-Down  3/4 ... Passed.
JPEG -> RGBX Top-Down  5/8 ... Passed.
JPEG -> RGBX Top-Down  1/2 ... Passed.
JPEG -> RGBX Top-Down  3/8 ... Passed.
JPEG -> RGBX Top-Down  1/4 ... Passed.
JPEG -> RGBX Top-Down  1/8 ... Passed.

JPEG -> RGBA Top-Down  2/1 ... Passed.
JPEG -> RGBA Top-Down  15/8 ... Passed.
JPEG -> RGBA Top-Down  7/4 ... Passed.
JPEG -> RGBA Top-Down  13/8 ... Passed.
JPEG -> RGBA Top-Down  3/2 ... Passed.
JPEG -> RGBA Top-Down  11/8 ... Passed.
JPEG -> RGBA Top-Down  5/4 ... Passed.
JPEG -> RGBA Top-Down  9/8 ... Passed.
JPEG -> RGBA Top-Down  ... Passed.
JPEG -> RGBA Top-Down  7/8 ... Passed.
JPEG -> RGBA Top-Down  3/4 ... Passed.
JPEG -> RGBA Top-Down  5/8 ... Passed.
JPEG -> RGBA Top-Down  1/2 ... Passed.
JPEG -> RGBA Top-Down  3/8 ... Passed.
JPEG -> RGBA Top-Down  1/4 ... Passed.
JPEG -> RGBA Top-Down  1/8 ... Passed.

RGBX Bottom-Up -> 4:4:4 Q100 ... Done.
  Result in test_enc_RGBX_BU_444_Q100.jpg
JPEG -> RGBX Bottom-Up 2/1 ... Passed.
JPEG -> RGBX Bottom-Up 15/8 ... Passed.
JPEG -> RGBX Bottom-Up 7/4 ... Passed.
JPEG -> RGBX Bottom-Up 13/8 ... Passed.
JPEG -> RGBX Bottom-Up 3/2 ... Passed.
JPEG -> RGBX Bottom-Up 11/8 ... Passed.
JPEG -> RGBX Bottom-Up 5/4 ... Passed.
JPEG -> RGBX Bottom-Up 9/8 ... Passed.
JPEG -> RGBX Bottom-Up ... Passed.
JPEG -> RGBX Bottom-Up 7/8 ... Passed.
JPEG -> RGBX Bottom-Up 3/4 ... Passed.
JPEG -> RGBX Bottom-Up 5/8 ... Passed.
JPEG -> RGBX Bottom-Up 1/2 ... Passed.
JPEG -> RGBX Bottom-Up 3/8 ... Passed.
JPEG -> RGBX Bottom-Up 1/4 ... Passed.
JPEG -> RGBX Bottom-Up 1/8 ... Passed.

JPEG -> RGBA Bottom-Up 2/1 ... Passed.
JPEG -> RGBA Bottom-Up 15/8 ... Passed.
JPEG -> RGBA Bottom-Up 7/4 ... Passed.
JPEG -> RGBA Bottom-Up 13/8 ... Passed.
JPEG -> RGBA Bottom-Up 3/2 ... Passed.
JPEG -> RGBA Bottom-Up 11/8 ... Passed.
JPEG -> RGBA Bottom-Up 5/4 ... Passed.
JPEG -> RGBA Bottom-Up 9/8 ... Passed.
JPEG -> RGBA Bottom-Up ... Passed.
JPEG -> RGBA Bottom-Up 7/8 ... Passed.
JPEG -> RGBA Bottom-Up 3/4 ... Passed.
JPEG -> RGBA Bottom-Up 5/8 ... Passed.
JPEG -> RGBA Bottom-Up 1/2 ... Passed.
JPEG -> RGBA Bottom-Up 3/8 ... Passed.
JPEG -> RGBA Bottom-Up 1/4 ... Passed.
JPEG -> RGBA Bottom-Up 1/8 ... Passed.

BGRX Top-Down  -> 4:4:4 Q100 ... Done.
  Result in test_enc_BGRX_TD_444_Q100.jpg
JPEG -> BGRX Top-Down  2/1 ... Passed.
JPEG -> BGRX Top-Down  15/8 ... Passed.
JPEG -> BGRX Top-Down  7/4 ... Passed.
JPEG -> BGRX Top-Down  13/8 ... Passed.
JPEG -> BGRX Top-Down  3/2 ... Passed.
JPEG -> BGRX Top-Down  11/8 ... Passed.
JPEG -> BGRX Top-Down  5/4 ... Passed.
JPEG -> BGRX Top-Down  9/8 ... Passed.
JPEG -> BGRX Top-Down  ... Passed.
JPEG -> BGRX Top-Down  7/8 ... Passed.
JPEG -> BGRX Top-Down  3/4 ... Passed.
JPEG -> BGRX Top-Down  5/8 ... Passed.
JPEG -> BGRX Top-Down  1/2 ... Passed.
JPEG -> BGRX Top-Down  3/8 ... Passed.
JPEG -> BGRX Top-Down  1/4 ... Passed.
JPEG -> BGRX Top-Down  1/8 ... Passed.

JPEG -> BGRA Top-Down  2/1 ... Passed.
JPEG -> BGRA Top-Down  15/8 ... Passed.
JPEG -> BGRA Top-Down  7/4 ... Passed.
JPEG -> BGRA Top-Down  13/8 ... Passed.
JPEG -> BGRA Top-Down  3/2 ... Passed.
JPEG -> BGRA Top-Down  11/8 ... Passed.
JPEG -> BGRA Top-Down  5/4 ... Passed.
JPEG -> BGRA Top-Down  9/8 ... Passed.
JPEG -> BGRA Top-Down  ... Passed.
JPEG -> BGRA Top-Down  7/8 ... Passed.
JPEG -> BGRA Top-Down  3/4 ... Passed.
JPEG -> BGRA Top-Down  5/8 ... Passed.
JPEG -> BGRA Top-Down  1/2 ... Passed.
JPEG -> BGRA Top-Down  3/8 ... Passed.
JPEG -> BGRA Top-Down  1/4 ... Passed.
JPEG -> BGRA Top-Down  1/8 ... Passed.

BGRX Bottom-Up -> 4:4:4 Q100 ... Done.
  Result in test_enc_BGRX_BU_444_Q100.jpg
JPEG -> BGRX Bottom-Up 2/1 ... Passed.
JPEG -> BGRX Bottom-Up 15/8 ... Passed.
JPEG -> BGRX Bottom-Up 7/4 ... Passed.
JPEG -> BGRX Bottom-Up 13/8 ... Passed.
JPEG -> BGRX Bottom-Up 3/2 ... Passed.
JPEG -> BGRX Bottom-Up 11/8 ... Passed.
JPEG -> BGRX Bottom-Up 5/4 ... Passed.
JPEG -> BGRX Bottom-Up 9/8 ... Passed.
JPEG -> BGRX Bottom-Up ... Passed.
JPEG -> BGRX Bottom-Up 7/8 ... Passed.
JPEG -> BGRX Bottom-Up 3/4 ... Passed.
JPEG -> BGRX Bottom-Up 5/8 ... Passed.
JPEG -> BGRX Bottom-Up 1/2 ... Passed.
JPEG -> BGRX Bottom-Up 3/8 ... Passed.
JPEG -> BGRX Bottom-Up 1/4 ... Passed.
JPEG -> BGRX Bottom-Up 1/8 ... Passed.

JPEG -> BGRA Bottom-Up 2/1 ... Passed.
JPEG -> BGRA Bottom-Up 15/8 ... Passed.
JPEG -> BGRA Bottom-Up 7/4 ... Passed.
JPEG -> BGRA Bottom-Up 13/8 ... Passed.
JPEG -> BGRA Bottom-Up 3/2 ... Passed.
JPEG -> BGRA Bottom-Up 11/8 ... Passed.
JPEG -> BGRA Bottom-Up 5/4 ... Passed.
JPEG -> BGRA Bottom-Up 9/8 ... Passed.
JPEG -> BGRA Bottom-Up ... Passed.
JPEG -> BGRA Bottom-Up 7/8 ... Passed.
JPEG -> BGRA Bottom-Up 3/4 ... Passed.
JPEG -> BGRA Bottom-Up 5/8 ... Passed.
JPEG -> BGRA Bottom-Up 1/2 ... Passed.
JPEG -> BGRA Bottom-Up 3/8 ... Passed.
JPEG -> BGRA Bottom-Up 1/4 ... Passed.
JPEG -> BGRA Bottom-Up 1/8 ... Passed.

XBGR Top-Down  -> 4:4:4 Q100 ... Done.
  Result in test_enc_XBGR_TD_444_Q100.jpg
JPEG -> XBGR Top-Down  2/1 ... Passed.
JPEG -> XBGR Top-Down  15/8 ... Passed.
JPEG -> XBGR Top-Down  7/4 ... Passed.
JPEG -> XBGR Top-Down  13/8 ... Passed.
JPEG -> XBGR Top-Down  3/2 ... Passed.
JPEG -> XBGR Top-Down  11/8 ... Passed.
JPEG -> XBGR Top-Down  5/4 ... Passed.
JPEG -> XBGR Top-Down  9/8 ... Passed.
JPEG -> XBGR Top-Down  ... Passed.
JPEG -> XBGR Top-Down  7/8 ... Passed.
JPEG -> XBGR Top-Down  3/4 ... Passed.
JPEG -> XBGR Top-Down  5/8 ... Passed.
JPEG -> XBGR Top-Down  1/2 ... Passed.
JPEG -> XBGR Top-Down  3/8 ... Passed.
JPEG -> XBGR Top-Down  1/4 ... Passed.
JPEG -> XBGR Top-Down  1/8 ... Passed.

JPEG -> ABGR Top-Down  2/1 ... Passed.
JPEG -> ABGR Top-Down  15/8 ... Passed.
JPEG -> ABGR Top-Down  7/4 ... Passed.
JPEG -> ABGR Top-Down  13/8 ... Passed.
JPEG -> ABGR Top-Down  3/2 ... Passed.
JPEG -> ABGR Top-Down  11/8 ... Passed.
JPEG -> ABGR Top-Down  5/4 ... Passed.
JPEG -> ABGR Top-Down  9/8 ... Passed.
JPEG -> ABGR Top-Down  ... Passed.
JPEG -> ABGR Top-Down  7/8 ... Passed.
JPEG -> ABGR Top-Down  3/4 ... Passed.
JPEG -> ABGR Top-Down  5/8 ... Passed.
JPEG -> ABGR Top-Down  1/2 ... Passed.
JPEG -> ABGR Top-Down  3/8 ... Passed.
JPEG -> ABGR Top-Down  1/4 ... Passed.
JPEG -> ABGR Top-Down  1/8 ... Passed.

XBGR Bottom-Up -> 4:4:4 Q100 ... Done.
  Result in test_enc_XBGR_BU_444_Q100.jpg
JPEG -> XBGR Bottom-Up 2/1 ... Passed.
JPEG -> XBGR Bottom-Up 15/8 ... Passed.
JPEG -> XBGR Bottom-Up 7/4 ... Passed.
JPEG -> XBGR Bottom-Up 13/8 ... Passed.
JPEG -> XBGR Bottom-Up 3/2 ... Passed.
JPEG -> XBGR Bottom-Up 11/8 ... Passed.
JPEG -> XBGR Bottom-Up 5/4 ... Passed.
JPEG -> XBGR Bottom-Up 9/8 ... Passed.
JPEG -> XBGR Bottom-Up ... Passed.
JPEG -> XBGR Bottom-Up 7/8 ... Passed.
JPEG -> XBGR Bottom-Up 3/4 ... Passed.
JPEG -> XBGR Bottom-Up 5/8 ... Passed.
JPEG -> XBGR Bottom-Up 1/2 ... Passed.
JPEG -> XBGR Bottom-Up 3/8 ... Passed.
JPEG -> XBGR Bottom-Up 1/4 ... Passed.
JPEG -> XBGR Bottom-Up 1/8 ... Passed.

JPEG -> ABGR Bottom-Up 2/1 ... Passed.
JPEG -> ABGR Bottom-Up 15/8 ... Passed.
JPEG -> ABGR Bottom-Up 7/4 ... Passed.
JPEG -> ABGR Bottom-Up 13/8 ... Passed.
JPEG -> ABGR Bottom-Up 3/2 ... Passed.
JPEG -> ABGR Bottom-Up 11/8 ... Passed.
JPEG -> ABGR Bottom-Up 5/4 ... Passed.
JPEG -> ABGR Bottom-Up 9/8 ... Passed.
JPEG -> ABGR Bottom-Up ... Passed.
JPEG -> ABGR Bottom-Up 7/8 ... Passed.
JPEG -> ABGR Bottom-Up 3/4 ... Passed.
JPEG -> ABGR Bottom-Up 5/8 ... Passed.
JPEG -> ABGR Bottom-Up 1/2 ... Passed.
JPEG -> ABGR Bottom-Up 3/8 ... Passed.
JPEG -> ABGR Bottom-Up 1/4 ... Passed.
JPEG -> ABGR Bottom-Up 1/8 ... Passed.

XRGB Top-Down  -> 4:4:4 Q100 ... Done.
  Result in test_enc_XRGB_TD_444_Q100.jpg
JPEG -> XRGB Top-Down  2/1 ... Passed.
JPEG -> XRGB Top-Down  15/8 ... Passed.
JPEG -> XRGB Top-Down  7/4 ... Passed.
JPEG -> XRGB Top-Down  13/8 ... Passed.
JPEG -> XRGB Top-Down  3/2 ... Passed.
JPEG -> XRGB Top-Down  11/8 ... Passed.
JPEG -> XRGB Top-Down  5/4 ... Passed.
JPEG -> XRGB Top-Down  9/8 ... Passed.
JPEG -> XRGB Top-Down  ... Passed.
JPEG -> XRGB Top-Down  7/8 ... Passed.
JPEG -> XRGB Top-Down  3/4 ... Passed.
JPEG -> XRGB Top-Down  5/8 ... Passed.
JPEG -> XRGB Top-Down  1/2 ... Passed.
JPEG -> XRGB Top-Down  3/8 ... Passed.
JPEG -> XRGB Top-Down  1/4 ... Passed.
JPEG -> XRGB Top-Down  1/8 ... Passed.

JPEG -> ARGB Top-Down  2/1 ... Passed.
JPEG -> ARGB Top-Down  15/8 ... Passed.
JPEG -> ARGB Top-Down  7/4 ... Passed.
JPEG -> ARGB Top-Down  13/8 ... Passed.
JPEG -> ARGB Top-Down  3/2 ... Passed.
JPEG -> ARGB Top-Down  11/8 ... Passed.
JPEG -> ARGB Top-Down  5/4 ... Passed.
JPEG -> ARGB Top-Down  9/8 ... Passed.
JPEG -> ARGB Top-Down  ... Passed.
JPEG -> ARGB Top-Down  7/8 ... Passed.
JPEG -> ARGB Top-Down  3/4 ... Passed.
JPEG -> ARGB Top-Down  5/8 ... Passed.
JPEG -> ARGB Top-Down  1/2 ... Passed.
JPEG -> ARGB Top-Down  3/8 ... Passed.
JPEG -> ARGB Top-Down  1/4 ... Passed.
JPEG -> ARGB Top-Down  1/8 ... Passed.

XRGB Bottom-Up -> 4:4:4 Q100 ... Done.
  Result in test_enc_XRGB_BU_444_Q100.jpg
JPEG -> XRGB Bottom-Up 2/1 ... Passed.
JPEG -> XRGB Bottom-Up 15/8 ... Passed.
JPEG -> XRGB Bottom-Up 7/4 ... Passed.
JPEG -> XRGB Bottom-Up 13/8 ... Passed.
JPEG -> XRGB Bottom-Up 3/2 ... Passed.
JPEG -> XRGB Bottom-Up 11/8 ... Passed.
JPEG -> XRGB Bottom-Up 5/4 ... Passed.
JPEG -> XRGB Bottom-Up 9/8 ... Passed.
JPEG -> XRGB Bottom-Up ... Passed.
JPEG -> XRGB Bottom-Up 7/8 ... Passed.
JPEG -> XRGB Bottom-Up 3/4 ... Passed.
JPEG -> XRGB Bottom-Up 5/8 ... Passed.
JPEG -> XRGB Bottom-Up 1/2 ... Passed.
JPEG -> XRGB Bottom-Up 3/8 ... Passed.
JPEG -> XRGB Bottom-Up 1/4 ... Passed.
JPEG -> XRGB Bottom-Up 1/8 ... Passed.

JPEG -> ARGB Bottom-Up 2/1 ... Passed.
JPEG -> ARGB Bottom-Up 15/8 ... Passed.
JPEG -> ARGB Bottom-Up 7/4 ... Passed.
JPEG -> ARGB Bottom-Up 13/8 ... Passed.
JPEG -> ARGB Bottom-Up 3/2 ... Passed.
JPEG -> ARGB Bottom-Up 11/8 ... Passed.
JPEG -> ARGB Bottom-Up 5/4 ... Passed.
JPEG -> ARGB Bottom-Up 9/8 ... Passed.
JPEG -> ARGB Bottom-Up ... Passed.
JPEG -> ARGB Bottom-Up 7/8 ... Passed.
JPEG -> ARGB Bottom-Up 3/4 ... Passed.
JPEG -> ARGB Bottom-Up 5/8 ... Passed.
JPEG -> ARGB Bottom-Up 1/2 ... Passed.
JPEG -> ARGB Bottom-Up 3/8 ... Passed.
JPEG -> ARGB Bottom-Up 1/4 ... Passed.
JPEG -> ARGB Bottom-Up 1/8 ... Passed.

CMYK Top-Down  -> 4:4:4 Q100 ... Done.
  Result in test_enc_CMYK_TD_444_Q100.jpg
JPEG -> CMYK Top-Down  2/1 ... Passed.
JPEG -> CMYK Top-Down  15/8 ... Passed.
JPEG -> CMYK Top-Down  7/4 ... Passed.
JPEG -> CMYK Top-Down  13/8 ... Passed.
JPEG -> CMYK Top-Down  3/2 ... Passed.
JPEG -> CMYK Top-Down  11/8 ... Passed.
JPEG -> CMYK Top-Down  5/4 ... Passed.
JPEG -> CMYK Top-Down  9/8 ... Passed.
JPEG -> CMYK Top-Down  ... Passed.
JPEG -> CMYK Top-Down  7/8 ... Passed.
JPEG -> CMYK Top-Down  3/4 ... Passed.
JPEG -> CMYK Top-Down  5/8 ... Passed.
JPEG -> CMYK Top-Down  1/2 ... Passed.
JPEG -> CMYK Top-Down  3/8 ... Passed.
JPEG -> CMYK Top-Down  1/4 ... Passed.
JPEG -> CMYK Top-Down  1/8 ... Passed.

CMYK Bottom-Up -> 4:4:4 Q100 ... Done.
  Result in test_enc_CMYK_BU_444_Q100.jpg
JPEG -> CMYK Bottom-Up 2/1 ... Passed.
JPEG -> CMYK Bottom-Up 15/8 ... Passed.
JPEG -> CMYK Bottom-Up 7/4 ... Passed.
JPEG -> CMYK Bottom-Up 13/8 ... Passed.
JPEG -> CMYK Bottom-Up 3/2 ... Passed.
JPEG -> CMYK Bottom-Up 11/8 ... Passed.
JPEG -> CMYK Bottom-Up 5/4 ... Passed.
JPEG -> CMYK Bottom-Up 9/8 ... Passed.
JPEG -> CMYK Bottom-Up ... Passed.
JPEG -> CMYK Bottom-Up 7/8 ... Passed.
JPEG -> CMYK Bottom-Up 3/4 ... Passed.
JPEG -> CMYK Bottom-Up 5/8 ... Passed.
JPEG -> CMYK Bottom-Up 1/2 ... Passed.
JPEG -> CMYK Bottom-Up 3/8 ... Passed.
JPEG -> CMYK Bottom-Up 1/4 ... Passed.
JPEG -> CMYK Bottom-Up 1/8 ... Passed.

--------------------

RGB Top-Down  -> 4:2:2 Q100 ... Done.
  Result in test_enc_RGB_TD_422_Q100.jpg
JPEG -> RGB Top-Down  ... Passed.
JPEG -> RGB Top-Down  1/2 ... Passed.
JPEG -> RGB Top-Down  1/4 ... Passed.

RGB Bottom-Up -> 4:2:2 Q100 ... Done.
  Result in test_enc_RGB_BU_422_Q100.jpg
JPEG -> RGB Bottom-Up ... Passed.
JPEG -> RGB Bottom-Up 1/2 ... Passed.
JPEG -> RGB Bottom-Up 1/4 ... Passed.

BGR Top-Down  -> 4:2:2 Q100 ... Done.
  Result in test_enc_BGR_TD_422_Q100.jpg
JPEG -> BGR Top-Down  ... Passed.
JPEG -> BGR Top-Down  1/2 ... Passed.
JPEG -> BGR Top-Down  1/4 ... Passed.

BGR Bottom-Up -> 4:2:2 Q100 ... Done.
  Result in test_enc_BGR_BU_422_Q100.jpg
JPEG -> BGR Bottom-Up ... Passed.
JPEG -> BGR Bottom-Up 1/2 ... Passed.
JPEG -> BGR Bottom-Up 1/4 ... Passed.

--------------------

RGBX Top-Down  -> 4:2:2 Q100 ... Done.
  Result in test_enc_RGBX_TD_422_Q100.jpg
JPEG -> RGBX Top-Down  ... Passed.
JPEG -> RGBX Top-Down  1/2 ... Passed.
JPEG -> RGBX Top-Down  1/4 ... Passed.

JPEG -> RGBA Top-Down  ... Passed.
JPEG -> RGBA Top-Down  1/2 ... Passed.
JPEG -> RGBA Top-Down  1/4 ... Passed.

RGBX Bottom-Up -> 4:2:2 Q100 ... Done.
  Result in test_enc_RGBX_BU_422_Q100.jpg
JPEG -> RGBX Bottom-Up ... Passed.
JPEG -> RGBX Bottom-Up 1/2 ... Passed.
JPEG -> RGBX Bottom-Up 1/4 ... Passed.

JPEG -> RGBA Bottom-Up ... Passed.
JPEG -> RGBA Bottom-Up 1/2 ... Passed.
JPEG -> RGBA Bottom-Up 1/4 ... Passed.

BGRX Top-Down  -> 4:2:2 Q100 ... Done.
  Result in test_enc_BGRX_TD_422_Q100.jpg
JPEG -> BGRX Top-Down  ... Passed.
JPEG -> BGRX Top-Down  1/2 ... Passed.
JPEG -> BGRX Top-Down  1/4 ... Passed.

JPEG -> BGRA Top-Down  ... Passed.
JPEG -> BGRA Top-Down  1/2 ... Passed.
JPEG -> BGRA Top-Down  1/4 ... Passed.

BGRX Bottom-Up -> 4:2:2 Q100 ... Done.
  Result in test_enc_BGRX_BU_422_Q100.jpg
JPEG -> BGRX Bottom-Up ... Passed.
JPEG -> BGRX Bottom-Up 1/2 ... Passed.
JPEG -> BGRX Bottom-Up 1/4 ... Passed.

JPEG -> BGRA Bottom-Up ... Passed.
JPEG -> BGRA Bottom-Up 1/2 ... Passed.
JPEG -> BGRA Bottom-Up 1/4 ... Passed.

XBGR Top-Down  -> 4:2:2 Q100 ... Done.
  Result in test_enc_XBGR_TD_422_Q100.jpg
JPEG -> XBGR Top-Down  ... Passed.
JPEG -> XBGR Top-Down  1/2 ... Passed.
JPEG -> XBGR Top-Down  1/4 ... Passed.

JPEG -> ABGR Top-Down  ... Passed.
JPEG -> ABGR Top-Down  1/2 ... Passed.
JPEG -> ABGR Top-Down  1/4 ... Passed.

XBGR Bottom-Up -> 4:2:2 Q100 ... Done.
  Result in test_enc_XBGR_BU_422_Q100.jpg
JPEG -> XBGR Bottom-Up ... Passed.
JPEG -> XBGR Bottom-Up 1/2 ... Passed.
JPEG -> XBGR Bottom-Up 1/4 ... Passed.

JPEG -> ABGR Bottom-Up ... Passed.
JPEG -> ABGR Bottom-Up 1/2 ... Passed.
JPEG -> ABGR Bottom-Up 1/4 ... Passed.

XRGB Top-Down  -> 4:2:2 Q100 ... Done.
  Result in test_enc_XRGB_TD_422_Q100.jpg
JPEG -> XRGB Top-Down  ... Passed.
JPEG -> XRGB Top-Down  1/2 ... Passed.
JPEG -> XRGB Top-Down  1/4 ... Passed.

JPEG -> ARGB Top-Down  ... Passed.
JPEG -> ARGB Top-Down  1/2 ... Passed.
JPEG -> ARGB Top-Down  1/4 ... Passed.

XRGB Bottom-Up -> 4:2:2 Q100 ... Done.
  Result in test_enc_XRGB_BU_422_Q100.jpg
JPEG -> XRGB Bottom-Up ... Passed.
JPEG -> XRGB Bottom-Up 1/2 ... Passed.
JPEG -> XRGB Bottom-Up 1/4 ... Passed.

JPEG -> ARGB Bottom-Up ... Passed.
JPEG -> ARGB Bottom-Up 1/2 ... Passed.
JPEG -> ARGB Bottom-Up 1/4 ... Passed.

CMYK Top-Down  -> 4:2:2 Q100 ... Done.
  Result in test_enc_CMYK_TD_422_Q100.jpg
JPEG -> CMYK Top-Down  ... Passed.
JPEG -> CMYK Top-Down  1/2 ... Passed.
JPEG -> CMYK Top-Down  1/4 ... Passed.

CMYK Bottom-Up -> 4:2:2 Q100 ... Done.
  Result in test_enc_CMYK_BU_422_Q100.jpg
JPEG -> CMYK Bottom-Up ... Passed.
JPEG -> CMYK Bottom-Up 1/2 ... Passed.
JPEG -> CMYK Bottom-Up 1/4 ... Passed.

--------------------

RGB Top-Down  -> 4:2:0 Q100 ... Done.
  Result in test_enc_RGB_TD_420_Q100.jpg
JPEG -> RGB Top-Down  ... Passed.
JPEG -> RGB Top-Down  1/2 ... Passed.
JPEG -> RGB Top-Down  1/4 ... Passed.

RGB Bottom-Up -> 4:2:0 Q100 ... Done.
  Result in test_enc_RGB_BU_420_Q100.jpg
JPEG -> RGB Bottom-Up ... Passed.
JPEG -> RGB Bottom-Up 1/2 ... Passed.
JPEG -> RGB Bottom-Up 1/4 ... Passed.

BGR Top-Down  -> 4:2:0 Q100 ... Done.
  Result in test_enc_BGR_TD_420_Q100.jpg
JPEG -> BGR Top-Down  ... Passed.
JPEG -> BGR Top-Down  1/2 ... Passed.
JPEG -> BGR Top-Down  1/4 ... Passed.

BGR Bottom-Up -> 4:2:0 Q100 ... Done.
  Result in test_enc_BGR_BU_420_Q100.jpg
JPEG -> BGR Bottom-Up ... Passed.
JPEG -> BGR Bottom-Up 1/2 ... Passed.
JPEG -> BGR Bottom-Up 1/4 ... Passed.

--------------------

RGBX Top-Down  -> 4:2:0 Q100 ... Done.
  Result in test_enc_RGBX_TD_420_Q100.jpg
JPEG -> RGBX Top-Down  ... Passed.
JPEG -> RGBX Top-Down  1/2 ... Passed.
JPEG -> RGBX Top-Down  1/4 ... Passed.

JPEG -> RGBA Top-Down  ... Passed.
JPEG -> RGBA Top-Down  1/2 ... Passed.
JPEG -> RGBA Top-Down  1/4 ... Passed.

RGBX Bottom-Up -> 4:2:0 Q100 ... Done.
  Result in test_enc_RGBX_BU_420_Q100.jpg
JPEG -> RGBX Bottom-Up ... Passed.
JPEG -> RGBX Bottom-Up 1/2 ... Passed.
JPEG -> RGBX Bottom-Up 1/4 ... Passed.

JPEG -> RGBA Bottom-Up ... Passed.
JPEG -> RGBA Bottom-Up 1/2 ... Passed.
JPEG -> RGBA Bottom-Up 1/4 ... Passed.

BGRX Top-Down  -> 4:2:0 Q100 ... Done.
  Result in test_enc_BGRX_TD_420_Q100.jpg
JPEG -> BGRX Top-Down  ... Passed.
JPEG -> BGRX Top-Down  1/2 ... Passed.
JPEG -> BGRX Top-Down  1/4 ... Passed.

JPEG -> BGRA Top-Down  ... Passed.
JPEG -> BGRA Top-Down  1/2 ... Passed.
JPEG -> BGRA Top-Down  1/4 ... Passed.

BGRX Bottom-Up -> 4:2:0 Q100 ... Done.
  Result in test_enc_BGRX_BU_420_Q100.jpg
JPEG -> BGRX Bottom-Up ... Passed.
JPEG -> BGRX Bottom-Up 1/2 ... Passed.
JPEG -> BGRX Bottom-Up 1/4 ... Passed.

JPEG -> BGRA Bottom-Up ... Passed.
JPEG -> BGRA Bottom-Up 1/2 ... Passed.
JPEG -> BGRA Bottom-Up 1/4 ... Passed.

XBGR Top-Down  -> 4:2:0 Q100 ... Done.
  Result in test_enc_XBGR_TD_420_Q100.jpg
JPEG -> XBGR Top-Down  ... Passed.
JPEG -> XBGR Top-Down  1/2 ... Passed.
JPEG -> XBGR Top-Down  1/4 ... Passed.

JPEG -> ABGR Top-Down  ... Passed.
JPEG -> ABGR Top-Down  1/2 ... Passed.
JPEG -> ABGR Top-Down  1/4 ... Passed.

XBGR Bottom-Up -> 4:2:0 Q100 ... Done.
  Result in test_enc_XBGR_BU_420_Q100.jpg
JPEG -> XBGR Bottom-Up ... Passed.
JPEG -> XBGR Bottom-Up 1/2 ... Passed.
JPEG -> XBGR Bottom-Up 1/4 ... Passed.

JPEG -> ABGR Bottom-Up ... Passed.
JPEG -> ABGR Bottom-Up 1/2 ... Passed.
JPEG -> ABGR Bottom-Up 1/4 ... Passed.

XRGB Top-Down  -> 4:2:0 Q100 ... Done.
  Result in test_enc_XRGB_TD_420_Q100.jpg
JPEG -> XRGB Top-Down  ... Passed.
JPEG -> XRGB Top-Down  1/2 ... Passed.
JPEG -> XRGB Top-Down  1/4 ... Passed.

JPEG -> ARGB Top-Down  ... Passed.
JPEG -> ARGB Top-Down  1/2 ... Passed.
JPEG -> ARGB Top-Down  1/4 ... Passed.

XRGB Bottom-Up -> 4:2:0 Q100 ... Done.
  Result in test_enc_XRGB_BU_420_Q100.jpg
JPEG -> XRGB Bottom-Up ... Passed.
JPEG -> XRGB Bottom-Up 1/2 ... Passed.
JPEG -> XRGB Bottom-Up 1/4 ... Passed.

JPEG -> ARGB Bottom-Up ... Passed.
JPEG -> ARGB Bottom-Up 1/2 ... Passed.
JPEG -> ARGB Bottom-Up 1/4 ... Passed.

CMYK Top-Down  -> 4:2:0 Q100 ... Done.
  Result in test_enc_CMYK_TD_420_Q100.jpg
JPEG -> CMYK Top-Down  ... Passed.
JPEG -> CMYK Top-Down  1/2 ... Passed.
JPEG -> CMYK Top-Down  1/4 ... Passed.

CMYK Bottom-Up -> 4:2:0 Q100 ... Done.
  Result in test_enc_CMYK_BU_420_Q100.jpg
JPEG -> CMYK Bottom-Up ... Passed.
JPEG -> CMYK Bottom-Up 1/2 ... Passed.
JPEG -> CMYK Bottom-Up 1/4 ... Passed.

--------------------

RGB Top-Down  -> 4:4:0 Q100 ... Done.
  Result in test_enc_RGB_TD_440_Q100.jpg
JPEG -> RGB Top-Down  ... Passed.
JPEG -> RGB Top-Down  1/2 ... Passed.
JPEG -> RGB Top-Down  1/4 ... Passed.

RGB Bottom-Up -> 4:4:0 Q100 ... Done.
  Result in test_enc_RGB_BU_440_Q100.jpg
JPEG -> RGB Bottom-Up ... Passed.
JPEG -> RGB Bottom-Up 1/2 ... Passed.
JPEG -> RGB Bottom-Up 1/4 ... Passed.

BGR Top-Down  -> 4:4:0 Q100 ... Done.
  Result in test_enc_BGR_TD_440_Q100.jpg
JPEG -> BGR Top-Down  ... Passed.
JPEG -> BGR Top-Down  1/2 ... Passed.
JPEG -> BGR Top-Down  1/4 ... Passed.

BGR Bottom-Up -> 4:4:0 Q100 ... Done.
  Result in test_enc_BGR_BU_440_Q100.jpg
JPEG -> BGR Bottom-Up ... Passed.
JPEG -> BGR Bottom-Up 1/2 ... Passed.
JPEG -> BGR Bottom-Up 1/4 ... Passed.

--------------------

RGBX Top-Down  -> 4:4:0 Q100 ... Done.
  Result in test_enc_RGBX_TD_440_Q100.jpg
JPEG -> RGBX Top-Down  ... Passed.
JPEG -> RGBX Top-Down  1/2 ... Passed.
JPEG -> RGBX Top-Down  1/4 ... Passed.

JPEG -> RGBA Top-Down  ... Passed.
JPEG -> RGBA Top-Down  1/2 ... Passed.
JPEG -> RGBA Top-Down  1/4 ... Passed.

RGBX Bottom-Up -> 4:4:0 Q100 ... Done.
  Result in test_enc_RGBX_BU_440_Q100.jpg
JPEG -> RGBX Bottom-Up ... Passed.
JPEG -> RGBX Bottom-Up 1/2 ... Passed.
JPEG -> RGBX Bottom-Up 1/4 ... Passed.

JPEG -> RGBA Bottom-Up ... Passed.
JPEG -> RGBA Bottom-Up 1/2 ... Passed.
JPEG -> RGBA Bottom-Up 1/4 ... Passed.

BGRX Top-Down  -> 4:4:0 Q100 ... Done.
  Result in test_enc_BGRX_TD_440_Q100.jpg
JPEG -> BGRX Top-Down  ... Passed.
JPEG -> BGRX Top-Down  1/2 ... Passed.
JPEG -> BGRX Top-Down  1/4 ... Passed.

JPEG -> BGRA Top-Down  ... Passed.
JPEG -> BGRA Top-Down  1/2 ... Passed.
JPEG -> BGRA Top-Down  1/4 ... Passed.

BGRX Bottom-Up -> 4:4:0 Q100 ... Done.
  Result in test_enc_BGRX_BU_440_Q100.jpg
JPEG -> BGRX Bottom-Up ... Passed.
JPEG -> BGRX Bottom-Up 1/2 ... Passed.
JPEG -> BGRX Bottom-Up 1/4 ... Passed.

JPEG -> BGRA Bottom-Up ... Passed.
JPEG -> BGRA Bottom-Up 1/2 ... Passed.
JPEG -> BGRA Bottom-Up 1/4 ... Passed.

XBGR Top-Down  -> 4:4:0 Q100 ... Done.
  Result in test_enc_XBGR_TD_440_Q100.jpg
JPEG -> XBGR Top-Down  ... Passed.
JPEG -> XBGR Top-Down  1/2 ... Passed.
JPEG -> XBGR Top-Down  1/4 ... Passed.

JPEG -> ABGR Top-Down  ... Passed.
JPEG -> ABGR Top-Down  1/2 ... Passed.
JPEG -> ABGR Top-Down  1/4 ... Passed.

XBGR Bottom-Up -> 4:4:0 Q100 ... Done.
  Result in test_enc_XBGR_BU_440_Q100.jpg
JPEG -> XBGR Bottom-Up ... Passed.
JPEG -> XBGR Bottom-Up 1/2 ... Passed.
JPEG -> XBGR Bottom-Up 1/4 ... Passed.

JPEG -> ABGR Bottom-Up ... Passed.
JPEG -> ABGR Bottom-Up 1/2 ... Passed.
JPEG -> ABGR Bottom-Up 1/4 ... Passed.

XRGB Top-Down  -> 4:4:0 Q100 ... Done.
  Result in test_enc_XRGB_TD_440_Q100.jpg
JPEG -> XRGB Top-Down  ... Passed.
JPEG -> XRGB Top-Down  1/2 ... Passed.
JPEG -> XRGB Top-Down  1/4 ... Passed.

JPEG -> ARGB Top-Down  ... Passed.
JPEG -> ARGB Top-Down  1/2 ... Passed.
JPEG -> ARGB Top-Down  1/4 ... Passed.

XRGB Bottom-Up -> 4:4:0 Q100 ... Done.
  Result in test_enc_XRGB_BU_440_Q100.jpg
JPEG -> XRGB Bottom-Up ... Passed.
JPEG -> XRGB Bottom-Up 1/2 ... Passed.
JPEG -> XRGB Bottom-Up 1/4 ... Passed.

JPEG -> ARGB Bottom-Up ... Passed.
JPEG -> ARGB Bottom-Up 1/2 ... Passed.
JPEG -> ARGB Bottom-Up 1/4 ... Passed.

CMYK Top-Down  -> 4:4:0 Q100 ... Done.
  Result in test_enc_CMYK_TD_440_Q100.jpg
JPEG -> CMYK Top-Down  ... Passed.
JPEG -> CMYK Top-Down  1/2 ... Passed.
JPEG -> CMYK Top-Down  1/4 ... Passed.

CMYK Bottom-Up -> 4:4:0 Q100 ... Done.
  Result in test_enc_CMYK_BU_440_Q100.jpg
JPEG -> CMYK Bottom-Up ... Passed.
JPEG -> CMYK Bottom-Up 1/2 ... Passed.
JPEG -> CMYK Bottom-Up 1/4 ... Passed.

--------------------

RGB Top-Down  -> 4:1:1 Q100 ... Done.
  Result in test_enc_RGB_TD_411_Q100.jpg
JPEG -> RGB Top-Down  ... Passed.
JPEG -> RGB Top-Down  1/2 ... Passed.

RGB Bottom-Up -> 4:1:1 Q100 ... Done.
  Result in test_enc_RGB_BU_411_Q100.jpg
JPEG -> RGB Bottom-Up ... Passed.
JPEG -> RGB Bottom-Up 1/2 ... Passed.

BGR Top-Down  -> 4:1:1 Q100 ... Done.
  Result in test_enc_BGR_TD_411_Q100.jpg
JPEG -> BGR Top-Down  ... Passed.
JPEG -> BGR Top-Down  1/2 ... Passed.

BGR Bottom-Up -> 4:1:1 Q100 ... Done.
  Result in test_enc_BGR_BU_411_Q100.jpg
JPEG -> BGR Bottom-Up ... Passed.
JPEG -> BGR Bottom-Up 1/2 ... Passed.

--------------------

RGBX Top-Down  -> 4:1:1 Q100 ... Done.
  Result in test_enc_RGBX_TD_411_Q100.jpg
JPEG -> RGBX Top-Down  ... Passed.
JPEG -> RGBX Top-Down  1/2 ... Passed.

JPEG -> RGBA Top-Down  ... Passed.
JPEG -> RGBA Top-Down  1/2 ... Passed.

RGBX Bottom-Up -> 4:1:1 Q100 ... Done.
  Result in test_enc_RGBX_BU_411_Q100.jpg
JPEG -> RGBX Bottom-Up ... Passed.
JPEG -> RGBX Bottom-Up 1/2 ... Passed.

JPEG -> RGBA Bottom-Up ... Passed.
JPEG -> RGBA Bottom-Up 1/2 ... Passed.

BGRX Top-Down  -> 4:1:1 Q100 ... Done.
  Result in test_enc_BGRX_TD_411_Q100.jpg
JPEG -> BGRX Top-Down  ... Passed.
JPEG -> BGRX Top-Down  1/2 ... Passed.

JPEG -> BGRA Top-Down  ... Passed.
JPEG -> BGRA Top-Down  1/2 ... Passed.

BGRX Bottom-Up -> 4:1:1 Q100 ... Done.
  Result in test_enc_BGRX_BU_411_Q100.jpg
JPEG -> BGRX Bottom-Up ... Passed.
JPEG -> BGRX Bottom-Up 1/2 ... Passed.

JPEG -> BGRA Bottom-Up ... Passed.
JPEG -> BGRA Bottom-Up 1/2 ... Passed.

XBGR Top-Down  -> 4:1:1 Q100 ... Done.
  Result in test_enc_XBGR_TD_411_Q100.jpg
JPEG -> XBGR Top-Down  ... Passed.
JPEG -> XBGR Top-Down  1/2 ... Passed.

JPEG -> ABGR Top-Down  ... Passed.
JPEG -> ABGR Top-Down  1/2 ... Passed.

XBGR Bottom-Up -> 4:1:1 Q100 ... Done.
  Result in test_enc_XBGR_BU_411_Q100.jpg
JPEG -> XBGR Bottom-Up ... Passed.
JPEG -> XBGR Bottom-Up 1/2 ... Passed.

JPEG -> ABGR Bottom-Up ... Passed.
JPEG -> ABGR Bottom-Up 1/2 ... Passed.

XRGB Top-Down  -> 4:1:1 Q100 ... Done.
  Result in test_enc_XRGB_TD_411_Q100.jpg
JPEG -> XRGB Top-Down  ... Passed.
JPEG -> XRGB Top-Down  1/2 ... Passed.

JPEG -> ARGB Top-Down  ... Passed.
JPEG -> ARGB Top-Down  1/2 ... Passed.

XRGB Bottom-Up -> 4:1:1 Q100 ... Done.
  Result in test_enc_XRGB_BU_411_Q100.jpg
JPEG -> XRGB Bottom-Up ... Passed.
JPEG -> XRGB Bottom-Up 1/2 ... Passed.

JPEG -> ARGB Bottom-Up ... Passed.
JPEG -> ARGB Bottom-Up 1/2 ... Passed.

CMYK Top-Down  -> 4:1:1 Q100 ... Done.
  Result in test_enc_CMYK_TD_411_Q100.jpg
JPEG -> CMYK Top-Down  ... Passed.
JPEG -> CMYK Top-Down  1/2 ... Passed.

CMYK Bottom-Up -> 4:1:1 Q100 ... Done.
  Result in test_enc_CMYK_BU_411_Q100.jpg
JPEG -> CMYK Bottom-Up ... Passed.
JPEG -> CMYK Bottom-Up 1/2 ... Passed.

--------------------

Grayscale Top-Down  -> GRAY Q100 ... Done.
  Result in test_enc_Grayscale_TD_GRAY_Q100.jpg
JPEG -> Grayscale Top-Down  2/1 ... Passed.
JPEG -> Grayscale Top-Down  15/8 ... Passed.
JPEG -> Grayscale Top-Down  7/4 ... Passed.
JPEG -> Grayscale Top-Down  13/8 ... Passed.
JPEG -> Grayscale Top-Down  3/2 ... Passed.
JPEG -> Grayscale Top-Down  11/8 ... Passed.
JPEG -> Grayscale Top-Down  5/4 ... Passed.
JPEG -> Grayscale Top-Down  9/8 ... Passed.
JPEG -> Grayscale Top-Down  ... Passed.
JPEG -> Grayscale Top-Down  7/8 ... Passed.
JPEG -> Grayscale Top-Down  3/4 ... Passed.
JPEG -> Grayscale Top-Down  5/8 ... Passed.
JPEG -> Grayscale Top-Down  1/2 ... Passed.
JPEG -> Grayscale Top-Down  3/8 ... Passed.
JPEG -> Grayscale Top-Down  1/4 ... Passed.
JPEG -> Grayscale Top-Down  1/8 ... Passed.

Grayscale Bottom-Up -> GRAY Q100 ... Done.
  Result in test_enc_Grayscale_BU_GRAY_Q100.jpg
JPEG -> Grayscale Bottom-Up 2/1 ... Passed.
JPEG -> Grayscale Bottom-Up 15/8 ... Passed.
JPEG -> Grayscale Bottom-Up 7/4 ... Passed.
JPEG -> Grayscale Bottom-Up 13/8 ... Passed.
JPEG -> Grayscale Bottom-Up 3/2 ... Passed.
JPEG -> Grayscale Bottom-Up 11/8 ... Passed.
JPEG -> Grayscale Bottom-Up 5/4 ... Passed.
JPEG -> Grayscale Bottom-Up 9/8 ... Passed.
JPEG -> Grayscale Bottom-Up ... Passed.
JPEG -> Grayscale Bottom-Up 7/8 ... Passed.
JPEG -> Grayscale Bottom-Up 3/4 ... Passed.
JPEG -> Grayscale Bottom-Up 5/8 ... Passed.
JPEG -> Grayscale Bottom-Up 1/2 ... Passed.
JPEG -> Grayscale Bottom-Up 3/8 ... Passed.
JPEG -> Grayscale Bottom-Up 1/4 ... Passed.
JPEG -> Grayscale Bottom-Up 1/8 ... Passed.

--------------------

RGB Top-Down  -> GRAY Q100 ... Done.
  Result in test_enc_RGB_TD_GRAY_Q100.jpg
JPEG -> RGB Top-Down  2/1 ... Passed.
JPEG -> RGB Top-Down  15/8 ... Passed.
JPEG -> RGB Top-Down  7/4 ... Passed.
JPEG -> RGB Top-Down  13/8 ... Passed.
JPEG -> RGB Top-Down  3/2 ... Passed.
JPEG -> RGB Top-Down  11/8 ... Passed.
JPEG -> RGB Top-Down  5/4 ... Passed.
JPEG -> RGB Top-Down  9/8 ... Passed.
JPEG -> RGB Top-Down  ... Passed.
JPEG -> RGB Top-Down  7/8 ... Passed.
JPEG -> RGB Top-Down  3/4 ... Passed.
JPEG -> RGB Top-Down  5/8 ... Passed.
JPEG -> RGB Top-Down  1/2 ... Passed.
JPEG -> RGB Top-Down  3/8 ... Passed.
JPEG -> RGB Top-Down  1/4 ... Passed.
JPEG -> RGB Top-Down  1/8 ... Passed.

RGB Bottom-Up -> GRAY Q100 ... Done.
  Result in test_enc_RGB_BU_GRAY_Q100.jpg
JPEG -> RGB Bottom-Up 2/1 ... Passed.
JPEG -> RGB Bottom-Up 15/8 ... Passed.
JPEG -> RGB Bottom-Up 7/4 ... Passed.
JPEG -> RGB Bottom-Up 13/8 ... Passed.
JPEG -> RGB Bottom-Up 3/2 ... Passed.
JPEG -> RGB Bottom-Up 11/8 ... Passed.
JPEG -> RGB Bottom-Up 5/4 ... Passed.
JPEG -> RGB Bottom-Up 9/8 ... Passed.
JPEG -> RGB Bottom-Up ... Passed.
JPEG -> RGB Bottom-Up 7/8 ... Passed.
JPEG -> RGB Bottom-Up 3/4 ... Passed.
JPEG -> RGB Bottom-Up 5/8 ... Passed.
JPEG -> RGB Bottom-Up 1/2 ... Passed.
JPEG -> RGB Bottom-Up 3/8 ... Passed.
JPEG -> RGB Bottom-Up 1/4 ... Passed.
JPEG -> RGB Bottom-Up 1/8 ... Passed.

BGR Top-Down  -> GRAY Q100 ... Done.
  Result in test_enc_BGR_TD_GRAY_Q100.jpg
JPEG -> BGR Top-Down  2/1 ... Passed.
JPEG -> BGR Top-Down  15/8 ... Passed.
JPEG -> BGR Top-Down  7/4 ... Passed.
JPEG -> BGR Top-Down  13/8 ... Passed.
JPEG -> BGR Top-Down  3/2 ... Passed.
JPEG -> BGR Top-Down  11/8 ... Passed.
JPEG -> BGR Top-Down  5/4 ... Passed.
JPEG -> BGR Top-Down  9/8 ... Passed.
JPEG -> BGR Top-Down  ... Passed.
JPEG -> BGR Top-Down  7/8 ... Passed.
JPEG -> BGR Top-Down  3/4 ... Passed.
JPEG -> BGR Top-Down  5/8 ... Passed.
JPEG -> BGR Top-Down  1/2 ... Passed.
JPEG -> BGR Top-Down  3/8 ... Passed.
JPEG -> BGR Top-Down  1/4 ... Passed.
JPEG -> BGR Top-Down  1/8 ... Passed.

BGR Bottom-Up -> GRAY Q100 ... Done.
  Result in test_enc_BGR_BU_GRAY_Q100.jpg
JPEG -> BGR Bottom-Up 2/1 ... Passed.
JPEG -> BGR Bottom-Up 15/8 ... Passed.
JPEG -> BGR Bottom-Up 7/4 ... Passed.
JPEG -> BGR Bottom-Up 13/8 ... Passed.
JPEG -> BGR Bottom-Up 3/2 ... Passed.
JPEG -> BGR Bottom-Up 11/8 ... Passed.
JPEG -> BGR Bottom-Up 5/4 ... Passed.
JPEG -> BGR Bottom-Up 9/8 ... Passed.
JPEG -> BGR Bottom-Up ... Passed.
JPEG -> BGR Bottom-Up 7/8 ... Passed.
JPEG -> BGR Bottom-Up 3/4 ... Passed.
JPEG -> BGR Bottom-Up 5/8 ... Passed.
JPEG -> BGR Bottom-Up 1/2 ... Passed.
JPEG -> BGR Bottom-Up 3/8 ... Passed.
JPEG -> BGR Bottom-Up 1/4 ... Passed.
JPEG -> BGR Bottom-Up 1/8 ... Passed.

--------------------

RGBX Top-Down  -> GRAY Q100 ... Done.
  Result in test_enc_RGBX_TD_GRAY_Q100.jpg
JPEG -> RGBX Top-Down  2/1 ... Passed.
JPEG -> RGBX Top-Down  15/8 ... Passed.
JPEG -> RGBX Top-Down  7/4 ... Passed.
JPEG -> RGBX Top-Down  13/8 ... Passed.
JPEG -> RGBX Top-Down  3/2 ... Passed.
JPEG -> RGBX Top-Down  11/8 ... Passed.
JPEG -> RGBX Top-Down  5/4 ... Passed.
JPEG -> RGBX Top-Down  9/8 ... Passed.
JPEG -> RGBX Top-Down  ... Passed.
JPEG -> RGBX Top-Down  7/8 ... Passed.
JPEG -> RGBX Top-Down  3/4 ... Passed.
JPEG -> RGBX Top-Down  5/8 ... Passed.
JPEG -> RGBX Top-Down  1/2 ... Passed.
JPEG -> RGBX Top-Down  3/8 ... Passed.
JPEG -> RGBX Top-Down  1/4 ... Passed.
JPEG -> RGBX Top-Down  1/8 ... Passed.

JPEG -> RGBA Top-Down  2/1 ... Passed.
JPEG -> RGBA Top-Down  15/8 ... Passed.
JPEG -> RGBA Top-Down  7/4 ... Passed.
JPEG -> RGBA Top-Down  13/8 ... Passed.
JPEG -> RGBA Top-Down  3/2 ... Passed.
JPEG -> RGBA Top-Down  11/8 ... Passed.
JPEG -> RGBA Top-Down  5/4 ... Passed.
JPEG -> RGBA Top-Down  9/8 ... Passed.
JPEG -> RGBA Top-Down  ... Passed.
JPEG -> RGBA Top-Down  7/8 ... Passed.
JPEG -> RGBA Top-Down  3/4 ... Passed.
JPEG -> RGBA Top-Down  5/8 ... Passed.
JPEG -> RGBA Top-Down  1/2 ... Passed.
JPEG -> RGBA Top-Down  3/8 ... Passed.
JPEG -> RGBA Top-Down  1/4 ... Passed.
JPEG -> RGBA Top-Down  1/8 ... Passed.

RGBX Bottom-Up -> GRAY Q100 ... Done.
  Result in test_enc_RGBX_BU_GRAY_Q100.jpg
JPEG -> RGBX Bottom-Up 2/1 ... Passed.
JPEG -> RGBX Bottom-Up 15/8 ... Passed.
JPEG -> RGBX Bottom-Up 7/4 ... Passed.
JPEG -> RGBX Bottom-Up 13/8 ... Passed.
JPEG -> RGBX Bottom-Up 3/2 ... Passed.
JPEG -> RGBX Bottom-Up 11/8 ... Passed.
JPEG -> RGBX Bottom-Up 5/4 ... Passed.
JPEG -> RGBX Bottom-Up 9/8 ... Passed.
JPEG -> RGBX Bottom-Up ... Passed.
JPEG -> RGBX Bottom-Up 7/8 ... Passed.
JPEG -> RGBX Bottom-Up 3/4 ... Passed.
JPEG -> RGBX Bottom-Up 5/8 ... Passed.
JPEG -> RGBX Bottom-Up 1/2 ... Passed.
JPEG -> RGBX Bottom-Up 3/8 ... Passed.
JPEG -> RGBX Bottom-Up 1/4 ... Passed.
JPEG -> RGBX Bottom-Up 1/8 ... Passed.

JPEG -> RGBA Bottom-Up 2/1 ... Passed.
JPEG -> RGBA Bottom-Up 15/8 ... Passed.
JPEG -> RGBA Bottom-Up 7/4 ... Passed.
JPEG -> RGBA Bottom-Up 13/8 ... Passed.
JPEG -> RGBA Bottom-Up 3/2 ... Passed.
JPEG -> RGBA Bottom-Up 11/8 ... Passed.
JPEG -> RGBA Bottom-Up 5/4 ... Passed.
JPEG -> RGBA Bottom-Up 9/8 ... Passed.
JPEG -> RGBA Bottom-Up ... Passed.
JPEG -> RGBA Bottom-Up 7/8 ... Passed.
JPEG -> RGBA Bottom-Up 3/4 ... Passed.
JPEG -> RGBA Bottom-Up 5/8 ... Passed.
JPEG -> RGBA Bottom-Up 1/2 ... Passed.
JPEG -> RGBA Bottom-Up 3/8 ... Passed.
JPEG -> RGBA Bottom-Up 1/4 ... Passed.
JPEG -> RGBA Bottom-Up 1/8 ... Passed.

BGRX Top-Down  -> GRAY Q100 ... Done.
  Result in test_enc_BGRX_TD_GRAY_Q100.jpg
JPEG -> BGRX Top-Down  2/1 ... Passed.
JPEG -> BGRX Top-Down  15/8 ... Passed.
JPEG -> BGRX Top-Down  7/4 ... Passed.
JPEG -> BGRX Top-Down  13/8 ... Passed.
JPEG -> BGRX Top-Down  3/2 ... Passed.
JPEG -> BGRX Top-Down  11/8 ... Passed.
JPEG -> BGRX Top-Down  5/4 ... Passed.
JPEG -> BGRX Top-Down  9/8 ... Passed.
JPEG -> BGRX Top-Down  ... Passed.
JPEG -> BGRX Top-Down  7/8 ... Passed.
JPEG -> BGRX Top-Down  3/4 ... Passed.
JPEG -> BGRX Top-Down  5/8 ... Passed.
JPEG -> BGRX Top-Down  1/2 ... Passed.
JPEG -> BGRX Top-Down  3/8 ... Passed.
JPEG -> BGRX Top-Down  1/4 ... Passed.
JPEG -> BGRX Top-Down  1/8 ... Passed.

JPEG -> BGRA Top-Down  2/1 ... Passed.
JPEG -> BGRA Top-Down  15/8 ... Passed.
JPEG -> BGRA Top-Down  7/4 ... Passed.
JPEG -> BGRA Top-Down  13/8 ... Passed.
JPEG -> BGRA Top-Down  3/2 ... Passed.
JPEG -> BGRA Top-Down  11/8 ... Passed.
JPEG -> BGRA Top-Down  5/4 ... Passed.
JPEG -> BGRA Top-Down  9/8 ... Passed.
JPEG -> BGRA Top-Down  ... Passed.
JPEG -> BGRA Top-Down  7/8 ... Passed.
JPEG -> BGRA Top-Down  3/4 ... Passed.
JPEG -> BGRA Top-Down  5/8 ... Passed.
JPEG -> BGRA Top-Down  1/2 ... Passed.
JPEG -> BGRA Top-Down  3/8 ... Passed.
JPEG -> BGRA Top-Down  1/4 ... Passed.
JPEG -> BGRA Top-Down  1/8 ... Passed.

BGRX Bottom-Up -> GRAY Q100 ... Done.
  Result in test_enc_BGRX_BU_GRAY_Q100.jpg
JPEG -> BGRX Bottom-Up 2/1 ... Passed.
JPEG -> BGRX Bottom-Up 15/8 ... Passed.
JPEG -> BGRX Bottom-Up 7/4 ... Passed.
JPEG -> BGRX Bottom-Up 13/8 ... Passed.
JPEG -> BGRX Bottom-Up 3/2 ... Passed.
JPEG -> BGRX Bottom-Up 11/8 ... Passed.
JPEG -> BGRX Bottom-Up 5/4 ... Passed.
JPEG -> BGRX Bottom-Up 9/8 ... Passed.
JPEG -> BGRX Bottom-Up ... Passed.
JPEG -> BGRX Bottom-Up 7/8 ... Passed.
JPEG -> BGRX Bottom-Up 3/4 ... Passed.
JPEG -> BGRX Bottom-Up 5/8 ... Passed.
JPEG -> BGRX Bottom-Up 1/2 ... Passed.
JPEG -> BGRX Bottom-Up 3/8 ... Passed.
JPEG -> BGRX Bottom-Up 1/4 ... Passed.
JPEG -> BGRX Bottom-Up 1/8 ... Passed.

JPEG -> BGRA Bottom-Up 2/1 ... Passed.
JPEG -> BGRA Bottom-Up 15/8 ... Passed.
JPEG -> BGRA Bottom-Up 7/4 ... Passed.
JPEG -> BGRA Bottom-Up 13/8 ... Passed.
JPEG -> BGRA Bottom-Up 3/2 ... Passed.
JPEG -> BGRA Bottom-Up 11/8 ... Passed.
JPEG -> BGRA Bottom-Up 5/4 ... Passed.
JPEG -> BGRA Bottom-Up 9/8 ... Passed.
JPEG -> BGRA Bottom-Up ... Passed.
JPEG -> BGRA Bottom-Up 7/8 ... Passed.
JPEG -> BGRA Bottom-Up 3/4 ... Passed.
JPEG -> BGRA Bottom-Up 5/8 ... Passed.
JPEG -> BGRA Bottom-Up 1/2 ... Passed.
JPEG -> BGRA Bottom-Up 3/8 ... Passed.
JPEG -> BGRA Bottom-Up 1/4 ... Passed.
JPEG -> BGRA Bottom-Up 1/8 ... Passed.

XBGR Top-Down  -> GRAY Q100 ... Done.
  Result in test_enc_XBGR_TD_GRAY_Q100.jpg
JPEG -> XBGR Top-Down  2/1 ... Passed.
JPEG -> XBGR Top-Down  15/8 ... Passed.
JPEG -> XBGR Top-Down  7/4 ... Passed.
JPEG -> XBGR Top-Down  13/8 ... Passed.
JPEG -> XBGR Top-Down  3/2 ... Passed.
JPEG -> XBGR Top-Down  11/8 ... Passed.
JPEG -> XBGR Top-Down  5/4 ... Passed.
JPEG -> XBGR Top-Down  9/8 ... Passed.
JPEG -> XBGR Top-Down  ... Passed.
JPEG -> XBGR Top-Down  7/8 ... Passed.
JPEG -> XBGR Top-Down  3/4 ... Passed.
JPEG -> XBGR Top-Down  5/8 ... Passed.
JPEG -> XBGR Top-Down  1/2 ... Passed.
JPEG -> XBGR Top-Down  3/8 ... Passed.
JPEG -> XBGR Top-Down  1/4 ... Passed.
JPEG -> XBGR Top-Down  1/8 ... Passed.

JPEG -> ABGR Top-Down  2/1 ... Passed.
JPEG -> ABGR Top-Down  15/8 ... Passed.
JPEG -> ABGR Top-Down  7/4 ... Passed.
JPEG -> ABGR Top-Down  13/8 ... Passed.
JPEG -> ABGR Top-Down  3/2 ... Passed.
JPEG -> ABGR Top-Down  11/8 ... Passed.
JPEG -> ABGR Top-Down  5/4 ... Passed.
JPEG -> ABGR Top-Down  9/8 ... Passed.
JPEG -> ABGR Top-Down  ... Passed.
JPEG -> ABGR Top-Down  7/8 ... Passed.
JPEG -> ABGR Top-Down  3/4 ... Passed.
JPEG -> ABGR Top-Down  5/8 ... Passed.
JPEG -> ABGR Top-Down  1/2 ... Passed.
JPEG -> ABGR Top-Down  3/8 ... Passed.
JPEG -> ABGR Top-Down  1/4 ... Passed.
JPEG -> ABGR Top-Down  1/8 ... Passed.

XBGR Bottom-Up -> GRAY Q100 ... Done.
  Result in test_enc_XBGR_BU_GRAY_Q100.jpg
JPEG -> XBGR Bottom-Up 2/1 ... Passed.
JPEG -> XBGR Bottom-Up 15/8 ... Passed.
JPEG -> XBGR Bottom-Up 7/4 ... Passed.
JPEG -> XBGR Bottom-Up 13/8 ... Passed.
JPEG -> XBGR Bottom-Up 3/2 ... Passed.
JPEG -> XBGR Bottom-Up 11/8 ... Passed.
JPEG -> XBGR Bottom-Up 5/4 ... Passed.
JPEG -> XBGR Bottom-Up 9/8 ... Passed.
JPEG -> XBGR Bottom-Up ... Passed.
JPEG -> XBGR Bottom-Up 7/8 ... Passed.
JPEG -> XBGR Bottom-Up 3/4 ... Passed.
JPEG -> XBGR Bottom-Up 5/8 ... Passed.
JPEG -> XBGR Bottom-Up 1/2 ... Passed.
JPEG -> XBGR Bottom-Up 3/8 ... Passed.
JPEG -> XBGR Bottom-Up 1/4 ... Passed.
JPEG -> XBGR Bottom-Up 1/8 ... Passed.

JPEG -> ABGR Bottom-Up 2/1 ... Passed.
JPEG -> ABGR Bottom-Up 15/8 ... Passed.
JPEG -> ABGR Bottom-Up 7/4 ... Passed.
JPEG -> ABGR Bottom-Up 13/8 ... Passed.
JPEG -> ABGR Bottom-Up 3/2 ... Passed.
JPEG -> ABGR Bottom-Up 11/8 ... Passed.
JPEG -> ABGR Bottom-Up 5/4 ... Passed.
JPEG -> ABGR Bottom-Up 9/8 ... Passed.
JPEG -> ABGR Bottom-Up ... Passed.
JPEG -> ABGR Bottom-Up 7/8 ... Passed.
JPEG -> ABGR Bottom-Up 3/4 ... Passed.
JPEG -> ABGR Bottom-Up 5/8 ... Passed.
JPEG -> ABGR Bottom-Up 1/2 ... Passed.
JPEG -> ABGR Bottom-Up 3/8 ... Passed.
JPEG -> ABGR Bottom-Up 1/4 ... Passed.
JPEG -> ABGR Bottom-Up 1/8 ... Passed.

XRGB Top-Down  -> GRAY Q100 ... Done.
  Result in test_enc_XRGB_TD_GRAY_Q100.jpg
JPEG -> XRGB Top-Down  2/1 ... Passed.
JPEG -> XRGB Top-Down  15/8 ... Passed.
JPEG -> XRGB Top-Down  7/4 ... Passed.
JPEG -> XRGB Top-Down  13/8 ... Passed.
JPEG -> XRGB Top-Down  3/2 ... Passed.
JPEG -> XRGB Top-Down  11/8 ... Passed.
JPEG -> XRGB Top-Down  5/4 ... Passed.
JPEG -> XRGB Top-Down  9/8 ... Passed.
JPEG -> XRGB Top-Down  ... Passed.
JPEG -> XRGB Top-Down  7/8 ... Passed.
JPEG -> XRGB Top-Down  3/4 ... Passed.
JPEG -> XRGB Top-Down  5/8 ... Passed.
JPEG -> XRGB Top-Down  1/2 ... Passed.
JPEG -> XRGB Top-Down  3/8 ... Passed.
JPEG -> XRGB Top-Down  1/4 ... Passed.
JPEG -> XRGB Top-Down  1/8 ... Passed.

JPEG -> ARGB Top-Down  2/1 ... Passed.
JPEG -> ARGB Top-Down  15/8 ... Passed.
JPEG -> ARGB Top-Down  7/4 ... Passed.
JPEG -> ARGB Top-Down  13/8 ... Passed.
JPEG -> ARGB Top-Down  3/2 ... Passed.
JPEG -> ARGB Top-Down  11/8 ... Passed.
JPEG -> ARGB Top-Down  5/4 ... Passed.
JPEG -> ARGB Top-Down  9/8 ... Passed.
JPEG -> ARGB Top-Down  ... Passed.
JPEG -> ARGB Top-Down  7/8 ... Passed.
JPEG -> ARGB Top-Down  3/4 ... Passed.
JPEG -> ARGB Top-Down  5/8 ... Passed.
JPEG -> ARGB Top-Down  1/2 ... Passed.
JPEG -> ARGB Top-Down  3/8 ... Passed.
JPEG -> ARGB Top-Down  1/4 ... Passed.
JPEG -> ARGB Top-Down  1/8 ... Passed.

XRGB Bottom-Up -> GRAY Q100 ... Done.
  Result in test_enc_XRGB_BU_GRAY_Q100.jpg
JPEG -> XRGB Bottom-Up 2/1 ... Passed.
JPEG -> XRGB Bottom-Up 15/8 ... Passed.
JPEG -> XRGB Bottom-Up 7/4 ... Passed.
JPEG -> XRGB Bottom-Up 13/8 ... Passed.
JPEG -> XRGB Bottom-Up 3/2 ... Passed.
JPEG -> XRGB Bottom-Up 11/8 ... Passed.
JPEG -> XRGB Bottom-Up 5/4 ... Passed.
JPEG -> XRGB Bottom-Up 9/8 ... Passed.
JPEG -> XRGB Bottom-Up ... Passed.
JPEG -> XRGB Bottom-Up 7/8 ... Passed.
JPEG -> XRGB Bottom-Up 3/4 ... Passed.
JPEG -> XRGB Bottom-Up 5/8 ... Passed.
JPEG -> XRGB Bottom-Up 1/2 ... Passed.
JPEG -> XRGB Bottom-Up 3/8 ... Passed.
JPEG -> XRGB Bottom-Up 1/4 ... Passed.
JPEG -> XRGB Bottom-Up 1/8 ... Passed.

JPEG -> ARGB Bottom-Up 2/1 ... Passed.
JPEG -> ARGB Bottom-Up 15/8 ... Passed.
JPEG -> ARGB Bottom-Up 7/4 ... Passed.
JPEG -> ARGB Bottom-Up 13/8 ... Passed.
JPEG -> ARGB Bottom-Up 3/2 ... Passed.
JPEG -> ARGB Bottom-Up 11/8 ... Passed.
JPEG -> ARGB Bottom-Up 5/4 ... Passed.
JPEG -> ARGB Bottom-Up 9/8 ... Passed.
JPEG -> ARGB Bottom-Up ... Passed.
JPEG -> ARGB Bottom-Up 7/8 ... Passed.
JPEG -> ARGB Bottom-Up 3/4 ... Passed.
JPEG -> ARGB Bottom-Up 5/8 ... Passed.
JPEG -> ARGB Bottom-Up 1/2 ... Passed.
JPEG -> ARGB Bottom-Up 3/8 ... Passed.
JPEG -> ARGB Bottom-Up 1/4 ... Passed.
JPEG -> ARGB Bottom-Up 1/8 ... Passed.

--------------------

Buffer size regression test
0001 x 01000001 x 02000001 x 03000001 x 04000001 x 05000001 x 06000001 x 07000001 x 08000001 x 09000001 x 10000001 x 11000001 x 12000001 x 13000001 x 14000001 x 15000001 x 16000001 x 17000001 x 18000001 x 19000001 x 20000001 x 01000001 x 02000001 x 03000001 x 04000001 x 05000001 x 06000001 x 07000001 x 08000001 x 09000001 x 10000001 x 11000001 x 12000001 x 13000001 x 14000001 x 15000001 x 16000001 x 17000001 x 18000001 x 19000001 x 20000001 x 01000001 x 02000001 x 03000001 x 04000001 x 05000001 x 06000001 x 07000001 x 08000001 x 09000001 x 10000001 x 11000001 x 12000001 x 13000001 x 14000001 x 15000001 x 16000001 x 17000001 x 18000001 x 19000001 x 20000001 x 01000001 x 02000001 x 03000001 x 04000001 x 05000001 x 06000001 x 07000001 x 08000001 x 09000001 x 10000001 x 11000001 x 12000001 x 13000001 x 14000001 x 15000001 x 16000001 x 17000001 x 18000001 x 19000001 x 20000001 x 01000001 x 02000001 x 03000001 x 04000001 x 05000001 x 06000001 x 07000001 x 08000001 x 09000001 x 10000001 x 11000001 x 12000001 x 13000001 x 14000001 x 15000001 x 16000001 x 17000001 x 18000001 x 19000001 x 20000001 x 01000001 x 02000001 x 03000001 x 04000001 x 05000001 x 06000001 x 07000001 x 08000001 x 09000001 x 10000001 x 11000001 x 12000001 x 13000001 x 14000001 x 15000001 x 16000001 x 17000001 x 18000001 x 19000001 x 2000Done.      
<end of output>
Test time =   6.28 sec
----------------------------------------------------------
Test Passed.
"tjunittest-shared" end time: Mar 22 20:55 CST
"tjunittest-shared" time elapsed: 00:00:06
----------------------------------------------------------

2/302 Testing: tjunittest-shared-alloc
2/302 Test: tjunittest-shared-alloc
Command: "/home/ren/github/test/camera/yuv2jpeg/libjpeg-turbo-master/tjunittest" "-alloc"
Directory: /home/ren/github/test/camera/yuv2jpeg/libjpeg-turbo-master
"tjunittest-shared-alloc" start time: Mar 22 20:55 CST
Output:
----------------------------------------------------------
Testing automatic buffer allocation
RGB Top-Down  -> 4:4:4 Q100 ... Done.
  Result in test_enc_RGB_TD_444_Q100.jpg
JPEG -> RGB Top-Down  2/1 ... Passed.
JPEG -> RGB Top-Down  15/8 ... Passed.
JPEG -> RGB Top-Down  7/4 ... Passed.
JPEG -> RGB Top-Down  13/8 ... Passed.
JPEG -> RGB Top-Down  3/2 ... Passed.
JPEG -> RGB Top-Down  11/8 ... Passed.
JPEG -> RGB Top-Down  5/4 ... Passed.
JPEG -> RGB Top-Down  9/8 ... Passed.
JPEG -> RGB Top-Down  ... Passed.
JPEG -> RGB Top-Down  7/8 ... Passed.
JPEG -> RGB Top-Down  3/4 ... Passed.
JPEG -> RGB Top-Down  5/8 ... Passed.
JPEG -> RGB Top-Down  1/2 ... Passed.
JPEG -> RGB Top-Down  3/8 ... Passed.
JPEG -> RGB Top-Down  1/4 ... Passed.
JPEG -> RGB Top-Down  1/8 ... Passed.

RGB Bottom-Up -> 4:4:4 Q100 ... Done.
  Result in test_enc_RGB_BU_444_Q100.jpg
JPEG -> RGB Bottom-Up 2/1 ... Passed.
JPEG -> RGB Bottom-Up 15/8 ... Passed.
JPEG -> RGB Bottom-Up 7/4 ... Passed.
JPEG -> RGB Bottom-Up 13/8 ... Passed.
JPEG -> RGB Bottom-Up 3/2 ... Passed.
JPEG -> RGB Bottom-Up 11/8 ... Passed.
JPEG -> RGB Bottom-Up 5/4 ... Passed.
JPEG -> RGB Bottom-Up 9/8 ... Passed.
JPEG -> RGB Bottom-Up ... Passed.
JPEG -> RGB Bottom-Up 7/8 ... Passed.
JPEG -> RGB Bottom-Up 3/4 ... Passed.
JPEG -> RGB Bottom-Up 5/8 ... Passed.
JPEG -> RGB Bottom-Up 1/2 ... Passed.
JPEG -> RGB Bottom-Up 3/8 ... Passed.
JPEG -> RGB Bottom-Up 1/4 ... Passed.
JPEG -> RGB Bottom-Up 1/8 ... Passed.

BGR Top-Down  -> 4:4:4 Q100 ... Done.
  Result in test_enc_BGR_TD_444_Q100.jpg
JPEG -> BGR Top-Down  2/1 ... Passed.
JPEG -> BGR Top-Down  15/8 ... Passed.
JPEG -> BGR Top-Down  7/4 ... Passed.
JPEG -> BGR Top-Down  13/8 ... Passed.
JPEG -> BGR Top-Down  3/2 ... Passed.
JPEG -> BGR Top-Down  11/8 ... Passed.
JPEG -> BGR Top-Down  5/4 ... Passed.
JPEG -> BGR Top-Down  9/8 ... Passed.
JPEG -> BGR Top-Down  ... Passed.
JPEG -> BGR Top-Down  7/8 ... Passed.
JPEG -> BGR Top-Down  3/4 ... Passed.
JPEG -> BGR Top-Down  5/8 ... Passed.
JPEG -> BGR Top-Down  1/2 ... Passed.
JPEG -> BGR Top-Down  3/8 ... Passed.
JPEG -> BGR Top-Down  1/4 ... Passed.
JPEG -> BGR Top-Down  1/8 ... Passed.

BGR Bottom-Up -> 4:4:4 Q100 ... Done.
  Result in test_enc_BGR_BU_444_Q100.jpg
JPEG -> BGR Bottom-Up 2/1 ... Passed.
JPEG -> BGR Bottom-Up 15/8 ... Passed.
JPEG -> BGR Bottom-Up 7/4 ... Passed.
JPEG -> BGR Bottom-Up 13/8 ... Passed.
JPEG -> BGR Bottom-Up 3/2 ... Passed.
JPEG -> BGR Bottom-Up 11/8 ... Passed.
JPEG -> BGR Bottom-Up 5/4 ... Passed.
JPEG -> BGR Bottom-Up 9/8 ... Passed.
JPEG -> BGR Bottom-Up ... Passed.
JPEG -> BGR Bottom-Up 7/8 ... Passed.
JPEG -> BGR Bottom-Up 3/4 ... Passed.
JPEG -> BGR Bottom-Up 5/8 ... Passed.
JPEG -> BGR Bottom-Up 1/2 ... Passed.
JPEG -> BGR Bottom-Up 3/8 ... Passed.
JPEG -> BGR Bottom-Up 1/4 ... Passed.
JPEG -> BGR Bottom-Up 1/8 ... Passed.

--------------------

RGBX Top-Down  -> 4:4:4 Q100 ... Done.
  Result in test_enc_RGBX_TD_444_Q100.jpg
JPEG -> RGBX Top-Down  2/1 ... Passed.
JPEG -> RGBX Top-Down  15/8 ... Passed.
JPEG -> RGBX Top-Down  7/4 ... Passed.
JPEG -> RGBX Top-Down  13/8 ... Passed.
JPEG -> RGBX Top-Down  3/2 ... Passed.
JPEG -> RGBX Top-Down  11/8 ... Passed.
JPEG -> RGBX Top-Down  5/4 ... Passed.
JPEG -> RGBX Top-Down  9/8 ... Passed.
JPEG -> RGBX Top-Down  ... Passed.
JPEG -> RGBX Top-Down  7/8 ... Passed.
JPEG -> RGBX Top-Down  3/4 ... Passed.
JPEG -> RGBX Top-Down  5/8 ... Passed.
JPEG -> RGBX Top-Down  1/2 ... Passed.
JPEG -> RGBX Top-Down  3/8 ... Passed.
JPEG -> RGBX Top-Down  1/4 ... Passed.
JPEG -> RGBX Top-Down  1/8 ... Passed.

JPEG -> RGBA Top-Down  2/1 ... Passed.
JPEG -> RGBA Top-Down  15/8 ... Passed.
JPEG -> RGBA Top-Down  7/4 ... Passed.
JPEG -> RGBA Top-Down  13/8 ... Passed.
JPEG -> RGBA Top-Down  3/2 ... Passed.
JPEG -> RGBA Top-Down  11/8 ... Passed.
JPEG -> RGBA Top-Down  5/4 ... Passed.
JPEG -> RGBA Top-Down  9/8 ... Passed.
JPEG -> RGBA Top-Down  ... Passed.
JPEG -> RGBA Top-Down  7/8 ... Passed.
JPEG -> RGBA Top-Down  3/4 ... Passed.
JPEG -> RGBA Top-Down  5/8 ... Passed.
JPEG -> RGBA Top-Down  1/2 ... Passed.
JPEG -> RGBA Top-Down  3/8 ... Passed.
JPEG -> RGBA Top-Down  1/4 ... Passed.
JPEG -> RGBA Top-Down  1/8 ... Passed.

RGBX Bottom-Up -> 4:4:4 Q100 ... Done.
  Result in test_enc_RGBX_BU_444_Q100.jpg
JPEG -> RGBX Bottom-Up 2/1 ... Passed.
JPEG -> RGBX Bottom-Up 15/8 ... Passed.
JPEG -> RGBX Bottom-Up 7/4 ... Passed.
JPEG -> RGBX Bottom-Up 13/8 ... Passed.
JPEG -> RGBX Bottom-Up 3/2 ... Passed.
JPEG -> RGBX Bottom-Up 11/8 ... Passed.
JPEG -> RGBX Bottom-Up 5/4 ... Passed.
JPEG -> RGBX Bottom-Up 9/8 ... Passed.
JPEG -> RGBX Bottom-Up ... Passed.
JPEG -> RGBX Bottom-Up 7/8 ... Passed.
JPEG -> RGBX Bottom-Up 3/4 ... Passed.
JPEG -> RGBX Bottom-Up 5/8 ... Passed.
JPEG -> RGBX Bottom-Up 1/2 ... Passed.
JPEG -> RGBX Bottom-Up 3/8 ... Passed.
JPEG -> RGBX Bottom-Up 1/4 ... Passed.
JPEG -> RGBX Bottom-Up 1/8 ... Passed.

JPEG -> RGBA Bottom-Up 2/1 ... Passed.
JPEG -> RGBA Bottom-Up 15/8 ... Passed.
JPEG -> RGBA Bottom-Up 7/4 ... Passed.
JPEG -> RGBA Bottom-Up 13/8 ... Passed.
JPEG -> RGBA Bottom-Up 3/2 ... Passed.
JPEG -> RGBA Bottom-Up 11/8 ... Passed.
JPEG -> RGBA Bottom-Up 5/4 ... Passed.
JPEG -> RGBA Bottom-Up 9/8 ... Passed.
JPEG -> RGBA Bottom-Up ... Passed.
JPEG -> RGBA Bottom-Up 7/8 ... Passed.
JPEG -> RGBA Bottom-Up 3/4 ... Passed.
JPEG -> RGBA Bottom-Up 5/8 ... Passed.
JPEG -> RGBA Bottom-Up 1/2 ... Passed.
JPEG -> RGBA Bottom-Up 3/8 ... Passed.
JPEG -> RGBA Bottom-Up 1/4 ... Passed.
JPEG -> RGBA Bottom-Up 1/8 ... Passed.

BGRX Top-Down  -> 4:4:4 Q100 ... Done.
  Result in test_enc_BGRX_TD_444_Q100.jpg
JPEG -> BGRX Top-Down  2/1 ... Passed.
JPEG -> BGRX Top-Down  15/8 ... Passed.
JPEG -> BGRX Top-Down  7/4 ... Passed.
JPEG -> BGRX Top-Down  13/8 ... Passed.
JPEG -> BGRX Top-Down  3/2 ... Passed.
JPEG -> BGRX Top-Down  11/8 ... Passed.
JPEG -> BGRX Top-Down  5/4 ... Passed.
JPEG -> BGRX Top-Down  9/8 ... Passed.
JPEG -> BGRX Top-Down  ... Passed.
JPEG -> BGRX Top-Down  7/8 ... Passed.
JPEG -> BGRX Top-Down  3/4 ... Passed.
JPEG -> BGRX Top-Down  5/8 ... Passed.
JPEG -> BGRX Top-Down  1/2 ... Passed.
JPEG -> BGRX Top-Down  3/8 ... Passed.
JPEG -> BGRX Top-Down  1/4 ... Passed.
JPEG -> BGRX Top-Down  1/8 ... Passed.

JPEG -> BGRA Top-Down  2/1 ... Passed.
JPEG -> BGRA Top-Down  15/8 ... Passed.
JPEG -> BGRA Top-Down  7/4 ... Passed.
JPEG -> BGRA Top-Down  13/8 ... Passed.
JPEG -> BGRA Top-Down  3/2 ... Passed.
JPEG -> BGRA Top-Down  11/8 ... Passed.
JPEG -> BGRA Top-Down  5/4 ... Passed.
JPEG -> BGRA Top-Down  9/8 ... Passed.
JPEG -> BGRA Top-Down  ... Passed.
JPEG -> BGRA Top-Down  7/8 ... Passed.
JPEG -> BGRA Top-Down  3/4 ... Passed.
JPEG -> BGRA Top-Down  5/8 ... Passed.
JPEG -> BGRA Top-Down  1/2 ... Passed.
JPEG -> BGRA Top-Down  3/8 ... Passed.
JPEG -> BGRA Top-Down  1/4 ... Passed.
JPEG -> BGRA Top-Down  1/8 ... Passed.

BGRX Bottom-Up -> 4:4:4 Q100 ... Done.
  Result in test_enc_BGRX_BU_444_Q100.jpg
JPEG -> BGRX Bottom-Up 2/1 ... Passed.
JPEG -> BGRX Bottom-Up 15/8 ... Passed.
JPEG -> BGRX Bottom-Up 7/4 ... Passed.
JPEG -> BGRX Bottom-Up 13/8 ... Passed.
JPEG -> BGRX Bottom-Up 3/2 ... Passed.
JPEG -> BGRX Bottom-Up 11/8 ... Passed.
JPEG -> BGRX Bottom-Up 5/4 ... Passed.
JPEG -> BGRX Bottom-Up 9/8 ... Passed.
JPEG -> BGRX Bottom-Up ... Passed.
JPEG -> BGRX Bottom-Up 7/8 ... Passed.
JPEG -> BGRX Bottom-Up 3/4 ... Passed.
JPEG -> BGRX Bottom-Up 5/8 ... Passed.
JPEG -> BGRX Bottom-Up 1/2 ... Passed.
JPEG -> BGRX Bottom-Up 3/8 ... Passed.
JPEG -> BGRX Bottom-Up 1/4 ... Passed.
JPEG -> BGRX Bottom-Up 1/8 ... Passed.

JPEG -> BGRA Bottom-Up 2/1 ... Passed.
JPEG -> BGRA Bottom-Up 15/8 ... Passed.
JPEG -> BGRA Bottom-Up 7/4 ... Passed.
JPEG -> BGRA Bottom-Up 13/8 ... Passed.
JPEG -> BGRA Bottom-Up 3/2 ... Passed.
JPEG -> BGRA Bottom-Up 11/8 ... Passed.
JPEG -> BGRA Bottom-Up 5/4 ... Passed.
JPEG -> BGRA Bottom-Up 9/8 ... Passed.
JPEG -> BGRA Bottom-Up ... Passed.
JPEG -> BGRA Bottom-Up 7/8 ... Passed.
JPEG -> BGRA Bottom-Up 3/4 ... Passed.
JPEG -> BGRA Bottom-Up 5/8 ... Passed.
JPEG -> BGRA Bottom-Up 1/2 ... Passed.
JPEG -> BGRA Bottom-Up 3/8 ... Passed.
JPEG -> BGRA Bottom-Up 1/4 ... Passed.
JPEG -> BGRA Bottom-Up 1/8 ... Passed.

XBGR Top-Down  -> 4:4:4 Q100 ... Done.
  Result in test_enc_XBGR_TD_444_Q100.jpg
JPEG -> XBGR Top-Down  2/1 ... Passed.
JPEG -> XBGR Top-Down  15/8 ... Passed.
JPEG -> XBGR Top-Down  7/4 ... Passed.
JPEG -> XBGR Top-Down  13/8 ... Passed.
JPEG -> XBGR Top-Down  3/2 ... Passed.
JPEG -> XBGR Top-Down  11/8 ... Passed.
JPEG -> XBGR Top-Down  5/4 ... Passed.
JPEG -> XBGR Top-Down  9/8 ... Passed.
JPEG -> XBGR Top-Down  ... Passed.
JPEG -> XBGR Top-Down  7/8 ... Passed.
JPEG -> XBGR Top-Down  3/4 ... Passed.
JPEG -> XBGR Top-Down  5/8 ... Passed.
JPEG -> XBGR Top-Down  1/2 ... Passed.
JPEG -> XBGR Top-Down  3/8 ... Passed.
JPEG -> XBGR Top-Down  1/4 ... Passed.
JPEG -> XBGR Top-Down  1/8 ... Passed.

JPEG -> ABGR Top-Down  2/1 ... Passed.
JPEG -> ABGR Top-Down  15/8 ... Passed.
JPEG -> ABGR Top-Down  7/4 ... Passed.
JPEG -> ABGR Top-Down  13/8 ... Passed.
JPEG -> ABGR Top-Down  3/2 ... Passed.
JPEG -> ABGR Top-Down  11/8 ... Passed.
JPEG -> ABGR Top-Down  5/4 ... Passed.
JPEG -> ABGR Top-Down  9/8 ... Passed.
JPEG -> ABGR Top-Down  ... Passed.
JPEG -> ABGR Top-Down  7/8 ... Passed.
JPEG -> ABGR Top-Down  3/4 ... Passed.
JPEG -> ABGR Top-Down  5/8 ... Passed.
JPEG -> ABGR Top-Down  1/2 ... Passed.
JPEG -> ABGR Top-Down  3/8 ... Passed.
JPEG -> ABGR Top-Down  1/4 ... Passed.
JPEG -> ABGR Top-Down  1/8 ... Passed.

XBGR Bottom-Up -> 4:4:4 Q100 ... Done.
  Result in test_enc_XBGR_BU_444_Q100.jpg
JPEG -> XBGR Bottom-Up 2/1 ... Passed.
JPEG -> XBGR Bottom-Up 15/8 ... Passed.
JPEG -> XBGR Bottom-Up 7/4 ... Passed.
JPEG -> XBGR Bottom-Up 13/8 ... Passed.
JPEG -> XBGR Bottom-Up 3/2 ... Passed.
JPEG -> XBGR Bottom-Up 11/8 ... Passed.
JPEG -> XBGR Bottom-Up 5/4 ... Passed.
JPEG -> XBGR Bottom-Up 9/8 ... Passed.
JPEG -> XBGR Bottom-Up ... Passed.
JPEG -> XBGR Bottom-Up 7/8 ... Passed.
JPEG -> XBGR Bottom-Up 3/4 ... Passed.
JPEG -> XBGR Bottom-Up 5/8 ... Passed.
JPEG -> XBGR Bottom-Up 1/2 ... Passed.
JPEG -> XBGR Bottom-Up 3/8 ... Passed.
JPEG -> XBGR Bottom-Up 1/4 ... Passed.
JPEG -> XBGR Bottom-Up 1/8 ... Passed.

JPEG -> ABGR Bottom-Up 2/1 ... Passed.
JPEG -> ABGR Bottom-Up 15/8 ... Passed.
JPEG -> ABGR Bottom-Up 7/4 ... Passed.
JPEG -> ABGR Bottom-Up 13/8 ... Passed.
JPEG -> ABGR Bottom-Up 3/2 ... Passed.
JPEG -> ABGR Bottom-Up 11/8 ... Passed.
JPEG -> ABGR Bottom-Up 5/4 ... Passed.
JPEG -> ABGR Bottom-Up 9/8 ... Passed.
JPEG -> ABGR Bottom-Up ... Passed.
JPEG -> ABGR Bottom-Up 7/8 ... Passed.
JPEG -> ABGR Bottom-Up 3/4 ... Passed.
JPEG -> ABGR Bottom-Up 5/8 ... Passed.
JPEG -> ABGR Bottom-Up 1/2 ... Passed.
JPEG -> ABGR Bottom-Up 3/8 ... Passed.
JPEG -> ABGR Bottom-Up 1/4 ... Passed.
JPEG -> ABGR Bottom-Up 1/8 ... Passed.

XRGB Top-Down  -> 4:4:4 Q100 ... Done.
  Result in test_enc_XRGB_TD_444_Q100.jpg
JPEG -> XRGB Top-Down  2/1 ... Passed.
JPEG -> XRGB Top-Down  15/8 ... Passed.
JPEG -> XRGB Top-Down  7/4 ... Passed.
JPEG -> XRGB Top-Down  13/8 ... Passed.
JPEG -> XRGB Top-Down  3/2 ... Passed.
JPEG -> XRGB Top-Down  11/8 ... Passed.
JPEG -> XRGB Top-Down  5/4 ... Passed.
JPEG -> XRGB Top-Down  9/8 ... Passed.
JPEG -> XRGB Top-Down  ... Passed.
JPEG -> XRGB Top-Down  7/8 ... Passed.
JPEG -> XRGB Top-Down  3/4 ... Passed.
JPEG -> XRGB Top-Down  5/8 ... Passed.
JPEG -> XRGB Top-Down  1/2 ... Passed.
JPEG -> XRGB Top-Down  3/8 ... Passed.
JPEG -> XRGB Top-Down  1/4 ... Passed.
JPEG -> XRGB Top-Down  1/8 ... Passed.

JPEG -> ARGB Top-Down  2/1 ... Passed.
JPEG -> ARGB Top-Down  15/8 ... Passed.
JPEG -> ARGB Top-Down  7/4 ... Passed.
JPEG -> ARGB Top-Down  13/8 ... Passed.
JPEG -> ARGB Top-Down  3/2 ... Passed.
JPEG -> ARGB Top-Down  11/8 ... Passed.
JPEG -> ARGB Top-Down  5/4 ... Passed.
JPEG -> ARGB Top-Down  9/8 ... Passed.
JPEG -> ARGB Top-Down  ... Passed.
JPEG -> ARGB Top-Down  7/8 ... Passed.
JPEG -> ARGB Top-Down  3/4 ... Passed.
JPEG -> ARGB Top-Down  5/8 ... Passed.
JPEG -> ARGB Top-Down  1/2 ... Passed.
JPEG -> ARGB Top-Down  3/8 ... Passed.
JPEG -> ARGB Top-Down  1/4 ... Passed.
JPEG -> ARGB Top-Down  1/8 ... Passed.

XRGB Bottom-Up -> 4:4:4 Q100 ... Done.
  Result in test_enc_XRGB_BU_444_Q100.jpg
JPEG -> XRGB Bottom-Up 2/1 ... Passed.
JPEG -> XRGB Bottom-Up 15/8 ... Passed.
JPEG -> XRGB Bottom-Up 7/4 ... Passed.
JPEG -> XRGB Bottom-Up 13/8 ... Passed.
JPEG -> XRGB Bottom-Up 3/2 ... Passed.
JPEG -> XRGB Bottom-Up 11/8 ... Passed.
JPEG -> XRGB Bottom-Up 5/4 ... Passed.
JPEG -> XRGB Bottom-Up 9/8 ... Passed.
JPEG -> XRGB Bottom-Up ... Passed.
JPEG -> XRGB Bottom-Up 7/8 ... Passed.
JPEG -> XRGB Bottom-Up 3/4 ... Passed.
JPEG -> XRGB Bottom-Up 5/8 ... Passed.
JPEG -> XRGB Bottom-Up 1/2 ... Passed.
JPEG -> XRGB Bottom-Up 3/8 ... Passed.
JPEG -> XRGB Bottom-Up 1/4 ... Passed.
JPEG -> XRGB Bottom-Up 1/8 ... Passed.

JPEG -> ARGB Bottom-Up 2/1 ... Passed.
JPEG -> ARGB Bottom-Up 15/8 ... Passed.
JPEG -> ARGB Bottom-Up 7/4 ... Passed.
JPEG -> ARGB Bottom-Up 13/8 ... Passed.
JPEG -> ARGB Bottom-Up 3/2 ... Passed.
JPEG -> ARGB Bottom-Up 11/8 ... Passed.
JPEG -> ARGB Bottom-Up 5/4 ... Passed.
JPEG -> ARGB Bottom-Up 9/8 ... Passed.
JPEG -> ARGB Bottom-Up ... Passed.
JPEG -> ARGB Bottom-Up 7/8 ... Passed.
JPEG -> ARGB Bottom-Up 3/4 ... Passed.
JPEG -> ARGB Bottom-Up 5/8 ... Passed.
JPEG -> ARGB Bottom-Up 1/2 ... Passed.
JPEG -> ARGB Bottom-Up 3/8 ... Passed.
JPEG -> ARGB Bottom-Up 1/4 ... Passed.
JPEG -> ARGB Bottom-Up 1/8 ... Passed.

CMYK Top-Down  -> 4:4:4 Q100 ... Done.
  Result in test_enc_CMYK_TD_444_Q100.jpg
JPEG -> CMYK Top-Down  2/1 ... Passed.
JPEG -> CMYK Top-Down  15/8 ... Passed.
JPEG -> CMYK Top-Down  7/4 ... Passed.
JPEG -> CMYK Top-Down  13/8 ... Passed.
JPEG -> CMYK Top-Down  3/2 ... Passed.
JPEG -> CMYK Top-Down  11/8 ... Passed.
JPEG -> CMYK Top-Down  5/4 ... Passed.
JPEG -> CMYK Top-Down  9/8 ... Passed.
JPEG -> CMYK Top-Down  ... Passed.
JPEG -> CMYK Top-Down  7/8 ... Passed.
JPEG -> CMYK Top-Down  3/4 ... Passed.
JPEG -> CMYK Top-Down  5/8 ... Passed.
JPEG -> CMYK Top-Down  1/2 ... Passed.
JPEG -> CMYK Top-Down  3/8 ... Passed.
JPEG -> CMYK Top-Down  1/4 ... Passed.
JPEG -> CMYK Top-Down  1/8 ... Passed.

CMYK Bottom-Up -> 4:4:4 Q100 ... Done.
  Result in test_enc_CMYK_BU_444_Q100.jpg
JPEG -> CMYK Bottom-Up 2/1 ... Passed.
JPEG -> CMYK Bottom-Up 15/8 ... Passed.
JPEG -> CMYK Bottom-Up 7/4 ... Passed.
JPEG -> CMYK Bottom-Up 13/8 ... Passed.
JPEG -> CMYK Bottom-Up 3/2 ... Passed.
JPEG -> CMYK Bottom-Up 11/8 ... Passed.
JPEG -> CMYK Bottom-Up 5/4 ... Passed.
JPEG -> CMYK Bottom-Up 9/8 ... Passed.
JPEG -> CMYK Bottom-Up ... Passed.
JPEG -> CMYK Bottom-Up 7/8 ... Passed.
JPEG -> CMYK Bottom-Up 3/4 ... Passed.
JPEG -> CMYK Bottom-Up 5/8 ... Passed.
JPEG -> CMYK Bottom-Up 1/2 ... Passed.
JPEG -> CMYK Bottom-Up 3/8 ... Passed.
JPEG -> CMYK Bottom-Up 1/4 ... Passed.
JPEG -> CMYK Bottom-Up 1/8 ... Passed.

--------------------

RGB Top-Down  -> 4:2:2 Q100 ... Done.
  Result in test_enc_RGB_TD_422_Q100.jpg
JPEG -> RGB Top-Down  ... Passed.
JPEG -> RGB Top-Down  1/2 ... Passed.
JPEG -> RGB Top-Down  1/4 ... Passed.

RGB Bottom-Up -> 4:2:2 Q100 ... Done.
  Result in test_enc_RGB_BU_422_Q100.jpg
JPEG -> RGB Bottom-Up ... Passed.
JPEG -> RGB Bottom-Up 1/2 ... Passed.
JPEG -> RGB Bottom-Up 1/4 ... Passed.

BGR Top-Down  -> 4:2:2 Q100 ... Done.
  Result in test_enc_BGR_TD_422_Q100.jpg
JPEG -> BGR Top-Down  ... Passed.
JPEG -> BGR Top-Down  1/2 ... Passed.
JPEG -> BGR Top-Down  1/4 ... Passed.

BGR Bottom-Up -> 4:2:2 Q100 ... Done.
  Result in test_enc_BGR_BU_422_Q100.jpg
JPEG -> BGR Bottom-Up ... Passed.
JPEG -> BGR Bottom-Up 1/2 ... Passed.
JPEG -> BGR Bottom-Up 1/4 ... Passed.

--------------------

RGBX Top-Down  -> 4:2:2 Q100 ... Done.
  Result in test_enc_RGBX_TD_422_Q100.jpg
JPEG -> RGBX Top-Down  ... Passed.
JPEG -> RGBX Top-Down  1/2 ... Passed.
JPEG -> RGBX Top-Down  1/4 ... Passed.

JPEG -> RGBA Top-Down  ... Passed.
JPEG -> RGBA Top-Down  1/2 ... Passed.
JPEG -> RGBA Top-Down  1/4 ... Passed.

RGBX Bottom-Up -> 4:2:2 Q100 ... Done.
  Result in test_enc_RGBX_BU_422_Q100.jpg
JPEG -> RGBX Bottom-Up ... Passed.
JPEG -> RGBX Bottom-Up 1/2 ... Passed.
JPEG -> RGBX Bottom-Up 1/4 ... Passed.

JPEG -> RGBA Bottom-Up ... Passed.
JPEG -> RGBA Bottom-Up 1/2 ... Passed.
JPEG -> RGBA Bottom-Up 1/4 ... Passed.

BGRX Top-Down  -> 4:2:2 Q100 ... Done.
  Result in test_enc_BGRX_TD_422_Q100.jpg
JPEG -> BGRX Top-Down  ... Passed.
JPEG -> BGRX Top-Down  1/2 ... Passed.
JPEG -> BGRX Top-Down  1/4 ... Passed.

JPEG -> BGRA Top-Down  ... Passed.
JPEG -> BGRA Top-Down  1/2 ... Passed.
JPEG -> BGRA Top-Down  1/4 ... Passed.

BGRX Bottom-Up -> 4:2:2 Q100 ... Done.
  Result in test_enc_BGRX_BU_422_Q100.jpg
JPEG -> BGRX Bottom-Up ... Passed.
JPEG -> BGRX Bottom-Up 1/2 ... Passed.
JPEG -> BGRX Bottom-Up 1/4 ... Passed.

JPEG -> BGRA Bottom-Up ... Passed.
JPEG -> BGRA Bottom-Up 1/2 ... Passed.
JPEG -> BGRA Bottom-Up 1/4 ... Passed.

XBGR Top-Down  -> 4:2:2 Q100 ... Done.
  Result in test_enc_XBGR_TD_422_Q100.jpg
JPEG -> XBGR Top-Down  ... Passed.
JPEG -> XBGR Top-Down  1/2 ... Passed.
JPEG -> XBGR Top-Down  1/4 ... Passed.

JPEG -> ABGR Top-Down  ... Passed.
JPEG -> ABGR Top-Down  1/2 ... Passed.
JPEG -> ABGR Top-Down  1/4 ... Passed.

XBGR Bottom-Up -> 4:2:2 Q100 ... Done.
  Result in test_enc_XBGR_BU_422_Q100.jpg
JPEG -> XBGR Bottom-Up ... Passed.
JPEG -> XBGR Bottom-Up 1/2 ... Passed.
JPEG -> XBGR Bottom-Up 1/4 ... Passed.

JPEG -> ABGR Bottom-Up ... Passed.
JPEG -> ABGR Bottom-Up 1/2 ... Passed.
JPEG -> ABGR Bottom-Up 1/4 ... Passed.

XRGB Top-Down  -> 4:2:2 Q100 ... Done.
  Result in test_enc_XRGB_TD_422_Q100.jpg
JPEG -> XRGB Top-Down  ... Passed.
JPEG -> XRGB Top-Down  1/2 ... Passed.
JPEG -> XRGB Top-Down  1/4 ... Passed.

JPEG -> ARGB Top-Down  ... Passed.
JPEG -> ARGB Top-Down  1/2 ... Passed.
JPEG -> ARGB Top-Down  1/4 ... Passed.

XRGB Bottom-Up -> 4:2:2 Q100 ... Done.
  Result in test_enc_XRGB_BU_422_Q100.jpg
JPEG -> XRGB Bottom-Up ... Passed.
JPEG -> XRGB Bottom-Up 1/2 ... Passed.
JPEG -> XRGB Bottom-Up 1/4 ... Passed.

JPEG -> ARGB Bottom-Up ... Passed.
JPEG -> ARGB Bottom-Up 1/2 ... Passed.
JPEG -> ARGB Bottom-Up 1/4 ... Passed.

CMYK Top-Down  -> 4:2:2 Q100 ... Done.
  Result in test_enc_CMYK_TD_422_Q100.jpg
JPEG -> CMYK Top-Down  ... Passed.
JPEG -> CMYK Top-Down  1/2 ... Passed.
JPEG -> CMYK Top-Down  1/4 ... Passed.

CMYK Bottom-Up -> 4:2:2 Q100 ... Done.
  Result in test_enc_CMYK_BU_422_Q100.jpg
JPEG -> CMYK Bottom-Up ... Passed.
JPEG -> CMYK Bottom-Up 1/2 ... Passed.
JPEG -> CMYK Bottom-Up 1/4 ... Passed.

--------------------

RGB Top-Down  -> 4:2:0 Q100 ... Done.
  Result in test_enc_RGB_TD_420_Q100.jpg
JPEG -> RGB Top-Down  ... Passed.
JPEG -> RGB Top-Down  1/2 ... Passed.
JPEG -> RGB Top-Down  1/4 ... Passed.

RGB Bottom-Up -> 4:2:0 Q100 ... Done.
  Result in test_enc_RGB_BU_420_Q100.jpg
JPEG -> RGB Bottom-Up ... Passed.
JPEG -> RGB Bottom-Up 1/2 ... Passed.
JPEG -> RGB Bottom-Up 1/4 ... Passed.

BGR Top-Down  -> 4:2:0 Q100 ... Done.
  Result in test_enc_BGR_TD_420_Q100.jpg
JPEG -> BGR Top-Down  ... Passed.
JPEG -> BGR Top-Down  1/2 ... Passed.
JPEG -> BGR Top-Down  1/4 ... Passed.

BGR Bottom-Up -> 4:2:0 Q100 ... Done.
  Result in test_enc_BGR_BU_420_Q100.jpg
JPEG -> BGR Bottom-Up ... Passed.
JPEG -> BGR Bottom-Up 1/2 ... Passed.
JPEG -> BGR Bottom-Up 1/4 ... Passed.

--------------------

RGBX Top-Down  -> 4:2:0 Q100 ... Done.
  Result in test_enc_RGBX_TD_420_Q100.jpg
JPEG -> RGBX Top-Down  ... Passed.
JPEG -> RGBX Top-Down  1/2 ... Passed.
JPEG -> RGBX Top-Down  1/4 ... Passed.

JPEG -> RGBA Top-Down  ... Passed.
JPEG -> RGBA Top-Down  1/2 ... Passed.
JPEG -> RGBA Top-Down  1/4 ... Passed.

RGBX Bottom-Up -> 4:2:0 Q100 ... Done.
  Result in test_enc_RGBX_BU_420_Q100.jpg
JPEG -> RGBX Bottom-Up ... Passed.
JPEG -> RGBX Bottom-Up 1/2 ... Passed.
JPEG -> RGBX Bottom-Up 1/4 ... Passed.

JPEG -> RGBA Bottom-Up ... Passed.
JPEG -> RGBA Bottom-Up 1/2 ... Passed.
JPEG -> RGBA Bottom-Up 1/4 ... Passed.

BGRX Top-Down  -> 4:2:0 Q100 ... Done.
  Result in test_enc_BGRX_TD_420_Q100.jpg
JPEG -> BGRX Top-Down  ... Passed.
JPEG -> BGRX Top-Down  1/2 ... Passed.
JPEG -> BGRX Top-Down  1/4 ... Passed.

JPEG -> BGRA Top-Down  ... Passed.
JPEG -> BGRA Top-Down  1/2 ... Passed.
JPEG -> BGRA Top-Down  1/4 ... Passed.

BGRX Bottom-Up -> 4:2:0 Q100 ... Done.
  Result in test_enc_BGRX_BU_420_Q100.jpg
JPEG -> BGRX Bottom-Up ... Passed.
JPEG -> BGRX Bottom-Up 1/2 ... Passed.
JPEG -> BGRX Bottom-Up 1/4 ... Passed.

JPEG -> BGRA Bottom-Up ... Passed.
JPEG -> BGRA Bottom-Up 1/2 ... Passed.
JPEG -> BGRA Bottom-Up 1/4 ... Passed.

XBGR Top-Down  -> 4:2:0 Q100 ... Done.
  Result in test_enc_XBGR_TD_420_Q100.jpg
JPEG -> XBGR Top-Down  ... Passed.
JPEG -> XBGR Top-Down  1/2 ... Passed.
JPEG -> XBGR Top-Down  1/4 ... Passed.

JPEG -> ABGR Top-Down  ... Passed.
JPEG -> ABGR Top-Down  1/2 ... Passed.
JPEG -> ABGR Top-Down  1/4 ... Passed.

XBGR Bottom-Up -> 4:2:0 Q100 ... Done.
  Result in test_enc_XBGR_BU_420_Q100.jpg
JPEG -> XBGR Bottom-Up ... Passed.
JPEG -> XBGR Bottom-Up 1/2 ... Passed.
JPEG -> XBGR Bottom-Up 1/4 ... Passed.

JPEG -> ABGR Bottom-Up ... Passed.
JPEG -> ABGR Bottom-Up 1/2 ... Passed.
JPEG -> ABGR Bottom-Up 1/4 ... Passed.

XRGB Top-Down  -> 4:2:0 Q100 ... Done.
  Result in test_enc_XRGB_TD_420_Q100.jpg
JPEG -> XRGB Top-Down  ... Passed.
JPEG -> XRGB Top-Down  1/2 ... Passed.
JPEG -> XRGB Top-Down  1/4 ... Passed.

JPEG -> ARGB Top-Down  ... Passed.
JPEG -> ARGB Top-Down  1/2 ... Passed.
JPEG -> ARGB Top-Down  1/4 ... Passed.

XRGB Bottom-Up -> 4:2:0 Q100 ... Done.
  Result in test_enc_XRGB_BU_420_Q100.jpg
JPEG -> XRGB Bottom-Up ... Passed.
JPEG -> XRGB Bottom-Up 1/2 ... Passed.
JPEG -> XRGB Bottom-Up 1/4 ... Passed.

JPEG -> ARGB Bottom-Up ... Passed.
JPEG -> ARGB Bottom-Up 1/2 ... Passed.
JPEG -> ARGB Bottom-Up 1/4 ... Passed.

CMYK Top-Down  -> 4:2:0 Q100 ... Done.
  Result in test_enc_CMYK_TD_420_Q100.jpg
JPEG -> CMYK Top-Down  ... Passed.
JPEG -> CMYK Top-Down  1/2 ... Passed.
JPEG -> CMYK Top-Down  1/4 ... Passed.

CMYK Bottom-Up -> 4:2:0 Q100 ... Done.
  Result in test_enc_CMYK_BU_420_Q100.jpg
JPEG -> CMYK Bottom-Up ... Passed.
JPEG -> CMYK Bottom-Up 1/2 ... Passed.
JPEG -> CMYK Bottom-Up 1/4 ... Passed.

--------------------

RGB Top-Down  -> 4:4:0 Q100 ... Done.
  Result in test_enc_RGB_TD_440_Q100.jpg
JPEG -> RGB Top-Down  ... Passed.
JPEG -> RGB Top-Down  1/2 ... Passed.
JPEG -> RGB Top-Down  1/4 ... Passed.

RGB Bottom-Up -> 4:4:0 Q100 ... Done.
  Result in test_enc_RGB_BU_440_Q100.jpg
JPEG -> RGB Bottom-Up ... Passed.
JPEG -> RGB Bottom-Up 1/2 ... Passed.
JPEG -> RGB Bottom-Up 1/4 ... Passed.

BGR Top-Down  -> 4:4:0 Q100 ... Done.
  Result in test_enc_BGR_TD_440_Q100.jpg
JPEG -> BGR Top-Down  ... Passed.
JPEG -> BGR Top-Down  1/2 ... Passed.
JPEG -> BGR Top-Down  1/4 ... Passed.

BGR Bottom-Up -> 4:4:0 Q100 ... Done.
  Result in test_enc_BGR_BU_440_Q100.jpg
JPEG -> BGR Bottom-Up ... Passed.
JPEG -> BGR Bottom-Up 1/2 ... Passed.
JPEG -> BGR Bottom-Up 1/4 ... Passed.

--------------------

RGBX Top-Down  -> 4:4:0 Q100 ... Done.
  Result in test_enc_RGBX_TD_440_Q100.jpg
JPEG -> RGBX Top-Down  ... Passed.
JPEG -> RGBX Top-Down  1/2 ... Passed.
JPEG -> RGBX Top-Down  1/4 ... Passed.

JPEG -> RGBA Top-Down  ... Passed.
JPEG -> RGBA Top-Down  1/2 ... Passed.
JPEG -> RGBA Top-Down  1/4 ... Passed.

RGBX Bottom-Up -> 4:4:0 Q100 ... Done.
  Result in test_enc_RGBX_BU_440_Q100.jpg
JPEG -> RGBX Bottom-Up ... Passed.
JPEG -> RGBX Bottom-Up 1/2 ... Passed.
JPEG -> RGBX Bottom-Up 1/4 ... Passed.

JPEG -> RGBA Bottom-Up ... Passed.
JPEG -> RGBA Bottom-Up 1/2 ... Passed.
JPEG -> RGBA Bottom-Up 1/4 ... Passed.

BGRX Top-Down  -> 4:4:0 Q100 ... Done.
  Result in test_enc_BGRX_TD_440_Q100.jpg
JPEG -> BGRX Top-Down  ... Passed.
JPEG -> BGRX Top-Down  1/2 ... Passed.
JPEG -> BGRX Top-Down  1/4 ... Passed.

JPEG -> BGRA Top-Down  ... Passed.
JPEG -> BGRA Top-Down  1/2 ... Passed.
JPEG -> BGRA Top-Down  1/4 ... Passed.

BGRX Bottom-Up -> 4:4:0 Q100 ... Done.
  Result in test_enc_BGRX_BU_440_Q100.jpg
JPEG -> BGRX Bottom-Up ... Passed.
JPEG -> BGRX Bottom-Up 1/2 ... Passed.
JPEG -> BGRX Bottom-Up 1/4 ... Passed.

JPEG -> BGRA Bottom-Up ... Passed.
JPEG -> BGRA Bottom-Up 1/2 ... Passed.
JPEG -> BGRA Bottom-Up 1/4 ... Passed.

XBGR Top-Down  -> 4:4:0 Q100 ... Done.
  Result in test_enc_XBGR_TD_440_Q100.jpg
JPEG -> XBGR Top-Down  ... Passed.
JPEG -> XBGR Top-Down  1/2 ... Passed.
JPEG -> XBGR Top-Down  1/4 ... Passed.

JPEG -> ABGR Top-Down  ... Passed.
JPEG -> ABGR Top-Down  1/2 ... Passed.
JPEG -> ABGR Top-Down  1/4 ... Passed.

XBGR Bottom-Up -> 4:4:0 Q100 ... Done.
  Result in test_enc_XBGR_BU_440_Q100.jpg
JPEG -> XBGR Bottom-Up ... Passed.
JPEG -> XBGR Bottom-Up 1/2 ... Passed.
JPEG -> XBGR Bottom-Up 1/4 ... Passed.

JPEG -> ABGR Bottom-Up ... Passed.
JPEG -> ABGR Bottom-Up 1/2 ... Passed.
JPEG -> ABGR Bottom-Up 1/4 ... Passed.

XRGB Top-Down  -> 4:4:0 Q100 ... Done.
  Result in test_enc_XRGB_TD_440_Q100.jpg
JPEG -> XRGB Top-Down  ... Passed.
JPEG -> XRGB Top-Down  1/2 ... Passed.
JPEG -> XRGB Top-Down  1/4 ... Passed.

JPEG -> ARGB Top-Down  ... Passed.
JPEG -> ARGB Top-Down  1/2 ... Passed.
JPEG -> ARGB Top-Down  1/4 ... Passed.

XRGB Bottom-Up -> 4:4:0 Q100 ... Done.
  Result in test_enc_XRGB_BU_440_Q100.jpg
JPEG -> XRGB Bottom-Up ... Passed.
JPEG -> XRGB Bottom-Up 1/2 ... Passed.
JPEG -> XRGB Bottom-Up 1/4 ... Passed.

JPEG -> ARGB Bottom-Up ... Passed.
JPEG -> ARGB Bottom-Up 1/2 ... Passed.
JPEG -> ARGB Bottom-Up 1/4 ... Passed.

CMYK Top-Down  -> 4:4:0 Q100 ... Done.
  Result in test_enc_CMYK_TD_440_Q100.jpg
JPEG -> CMYK Top-Down  ... Passed.
JPEG -> CMYK Top-Down  1/2 ... Passed.
JPEG -> CMYK Top-Down  1/4 ... Passed.

CMYK Bottom-Up -> 4:4:0 Q100 ... Done.
  Result in test_enc_CMYK_BU_440_Q100.jpg
JPEG -> CMYK Bottom-Up ... Passed.
JPEG -> CMYK Bottom-Up 1/2 ... Passed.
JPEG -> CMYK Bottom-Up 1/4 ... Passed.

--------------------

RGB Top-Down  -> 4:1:1 Q100 ... Done.
  Result in test_enc_RGB_TD_411_Q100.jpg
JPEG -> RGB Top-Down  ... Passed.
JPEG -> RGB Top-Down  1/2 ... Passed.

RGB Bottom-Up -> 4:1:1 Q100 ... Done.
  Result in test_enc_RGB_BU_411_Q100.jpg
JPEG -> RGB Bottom-Up ... Passed.
JPEG -> RGB Bottom-Up 1/2 ... Passed.

BGR Top-Down  -> 4:1:1 Q100 ... Done.
  Result in test_enc_BGR_TD_411_Q100.jpg
JPEG -> BGR Top-Down  ... Passed.
JPEG -> BGR Top-Down  1/2 ... Passed.

BGR Bottom-Up -> 4:1:1 Q100 ... Done.
  Result in test_enc_BGR_BU_411_Q100.jpg
JPEG -> BGR Bottom-Up ... Passed.
JPEG -> BGR Bottom-Up 1/2 ... Passed.

--------------------

RGBX Top-Down  -> 4:1:1 Q100 ... Done.
  Result in test_enc_RGBX_TD_411_Q100.jpg
JPEG -> RGBX Top-Down  ... Passed.
JPEG -> RGBX Top-Down  1/2 ... Passed.

JPEG -> RGBA Top-Down  ... Passed.
JPEG -> RGBA Top-Down  1/2 ... Passed.

RGBX Bottom-Up -> 4:1:1 Q100 ... Done.
  Result in test_enc_RGBX_BU_411_Q100.jpg
JPEG -> RGBX Bottom-Up ... Passed.
JPEG -> RGBX Bottom-Up 1/2 ... Passed.

JPEG -> RGBA Bottom-Up ... Passed.
JPEG -> RGBA Bottom-Up 1/2 ... Passed.

BGRX Top-Down  -> 4:1:1 Q100 ... Done.
  Result in test_enc_BGRX_TD_411_Q100.jpg
JPEG -> BGRX Top-Down  ... Passed.
JPEG -> BGRX Top-Down  1/2 ... Passed.

JPEG -> BGRA Top-Down  ... Passed.
JPEG -> BGRA Top-Down  1/2 ... Passed.

BGRX Bottom-Up -> 4:1:1 Q100 ... Done.
  Result in test_enc_BGRX_BU_411_Q100.jpg
JPEG -> BGRX Bottom-Up ... Passed.
JPEG -> BGRX Bottom-Up 1/2 ... Passed.

JPEG -> BGRA Bottom-Up ... Passed.
JPEG -> BGRA Bottom-Up 1/2 ... Passed.

XBGR Top-Down  -> 4:1:1 Q100 ... Done.
  Result in test_enc_XBGR_TD_411_Q100.jpg
JPEG -> XBGR Top-Down  ... Passed.
JPEG -> XBGR Top-Down  1/2 ... Passed.

JPEG -> ABGR Top-Down  ... Passed.
JPEG -> ABGR Top-Down  1/2 ... Passed.

XBGR Bottom-Up -> 4:1:1 Q100 ... Done.
  Result in test_enc_XBGR_BU_411_Q100.jpg
JPEG -> XBGR Bottom-Up ... Passed.
JPEG -> XBGR Bottom-Up 1/2 ... Passed.

JPEG -> ABGR Bottom-Up ... Passed.
JPEG -> ABGR Bottom-Up 1/2 ... Passed.

XRGB Top-Down  -> 4:1:1 Q100 ... Done.
  Result in test_enc_XRGB_TD_411_Q100.jpg
JPEG -> XRGB Top-Down  ... Passed.
JPEG -> XRGB Top-Down  1/2 ... Passed.

JPEG -> ARGB Top-Down  ... Passed.
JPEG -> ARGB Top-Down  1/2 ... Passed.

XRGB Bottom-Up -> 4:1:1 Q100 ... Done.
  Result in test_enc_XRGB_BU_411_Q100.jpg
JPEG -> XRGB Bottom-Up ... Passed.
JPEG -> XRGB Bottom-Up 1/2 ... Passed.

JPEG -> ARGB Bottom-Up ... Passed.
JPEG -> ARGB Bottom-Up 1/2 ... Passed.

CMYK Top-Down  -> 4:1:1 Q100 ... Done.
  Result in test_enc_CMYK_TD_411_Q100.jpg
JPEG -> CMYK Top-Down  ... Passed.
JPEG -> CMYK Top-Down  1/2 ... Passed.

CMYK Bottom-Up -> 4:1:1 Q100 ... Done.
  Result in test_enc_CMYK_BU_411_Q100.jpg
JPEG -> CMYK Bottom-Up ... Passed.
JPEG -> CMYK Bottom-Up 1/2 ... Passed.

--------------------

Grayscale Top-Down  -> GRAY Q100 ... Done.
  Result in test_enc_Grayscale_TD_GRAY_Q100.jpg
JPEG -> Grayscale Top-Down  2/1 ... Passed.
JPEG -> Grayscale Top-Down  15/8 ... Passed.
JPEG -> Grayscale Top-Down  7/4 ... Passed.
JPEG -> Grayscale Top-Down  13/8 ... Passed.
JPEG -> Grayscale Top-Down  3/2 ... Passed.
JPEG -> Grayscale Top-Down  11/8 ... Passed.
JPEG -> Grayscale Top-Down  5/4 ... Passed.
JPEG -> Grayscale Top-Down  9/8 ... Passed.
JPEG -> Grayscale Top-Down  ... Passed.
JPEG -> Grayscale Top-Down  7/8 ... Passed.
JPEG -> Grayscale Top-Down  3/4 ... Passed.
JPEG -> Grayscale Top-Down  5/8 ... Passed.
JPEG -> Grayscale Top-Down  1/2 ... Passed.
JPEG -> Grayscale Top-Down  3/8 ... Passed.
JPEG -> Grayscale Top-Down  1/4 ... Passed.
JPEG -> Grayscale Top-Down  1/8 ... Passed.

Grayscale Bottom-Up -> GRAY Q100 ... Done.
  Result in test_enc_Grayscale_BU_GRAY_Q100.jpg
JPEG -> Grayscale Bottom-Up 2/1 ... Passed.
JPEG -> Grayscale Bottom-Up 15/8 ... Passed.
JPEG -> Grayscale Bottom-Up 7/4 ... Passed.
JPEG -> Grayscale Bottom-Up 13/8 ... Passed.
JPEG -> Grayscale Bottom-Up 3/2 ... Passed.
JPEG -> Grayscale Bottom-Up 11/8 ... Passed.
JPEG -> Grayscale Bottom-Up 5/4 ... Passed.
JPEG -> Grayscale Bottom-Up 9/8 ... Passed.
JPEG -> Grayscale Bottom-Up ... Passed.
JPEG -> Grayscale Bottom-Up 7/8 ... Passed.
JPEG -> Grayscale Bottom-Up 3/4 ... Passed.
JPEG -> Grayscale Bottom-Up 5/8 ... Passed.
JPEG -> Grayscale Bottom-Up 1/2 ... Passed.
JPEG -> Grayscale Bottom-Up 3/8 ... Passed.
JPEG -> Grayscale Bottom-Up 1/4 ... Passed.
JPEG -> Grayscale Bottom-Up 1/8 ... Passed.

--------------------

RGB Top-Down  -> GRAY Q100 ... Done.
  Result in test_enc_RGB_TD_GRAY_Q100.jpg
JPEG -> RGB Top-Down  2/1 ... Passed.
JPEG -> RGB Top-Down  15/8 ... Passed.
JPEG -> RGB Top-Down  7/4 ... Passed.
JPEG -> RGB Top-Down  13/8 ... Passed.
JPEG -> RGB Top-Down  3/2 ... Passed.
JPEG -> RGB Top-Down  11/8 ... Passed.
JPEG -> RGB Top-Down  5/4 ... Passed.
JPEG -> RGB Top-Down  9/8 ... Passed.
JPEG -> RGB Top-Down  ... Passed.
JPEG -> RGB Top-Down  7/8 ... Passed.
JPEG -> RGB Top-Down  3/4 ... Passed.
JPEG -> RGB Top-Down  5/8 ... Passed.
JPEG -> RGB Top-Down  1/2 ... Passed.
JPEG -> RGB Top-Down  3/8 ... Passed.
JPEG -> RGB Top-Down  1/4 ... Passed.
JPEG -> RGB Top-Down  1/8 ... Passed.

RGB Bottom-Up -> GRAY Q100 ... Done.
  Result in test_enc_RGB_BU_GRAY_Q100.jpg
JPEG -> RGB Bottom-Up 2/1 ... Passed.
JPEG -> RGB Bottom-Up 15/8 ... Passed.
JPEG -> RGB Bottom-Up 7/4 ... Passed.
JPEG -> RGB Bottom-Up 13/8 ... Passed.
JPEG -> RGB Bottom-Up 3/2 ... Passed.
JPEG -> RGB Bottom-Up 11/8 ... Passed.
JPEG -> RGB Bottom-Up 5/4 ... Passed.
JPEG -> RGB Bottom-Up 9/8 ... Passed.
JPEG -> RGB Bottom-Up ... Passed.
JPEG -> RGB Bottom-Up 7/8 ... Passed.
JPEG -> RGB Bottom-Up 3/4 ... Passed.
JPEG -> RGB Bottom-Up 5/8 ... Passed.
JPEG -> RGB Bottom-Up 1/2 ... Passed.
JPEG -> RGB Bottom-Up 3/8 ... Passed.
JPEG -> RGB Bottom-Up 1/4 ... Passed.
JPEG -> RGB Bottom-Up 1/8 ... Passed.

BGR Top-Down  -> GRAY Q100 ... Done.
  Result in test_enc_BGR_TD_GRAY_Q100.jpg
JPEG -> BGR Top-Down  2/1 ... Passed.
JPEG -> BGR Top-Down  15/8 ... Passed.
JPEG -> BGR Top-Down  7/4 ... Passed.
JPEG -> BGR Top-Down  13/8 ... Passed.
JPEG -> BGR Top-Down  3/2 ... Passed.
JPEG -> BGR Top-Down  11/8 ... Passed.
JPEG -> BGR Top-Down  5/4 ... Passed.
JPEG -> BGR Top-Down  9/8 ... Passed.
JPEG -> BGR Top-Down  ... Passed.
JPEG -> BGR Top-Down  7/8 ... Passed.
JPEG -> BGR Top-Down  3/4 ... Passed.
JPEG -> BGR Top-Down  5/8 ... Passed.
JPEG -> BGR Top-Down  1/2 ... Passed.
JPEG -> BGR Top-Down  3/8 ... Passed.
JPEG -> BGR Top-Down  1/4 ... Passed.
JPEG -> BGR Top-Down  1/8 ... Passed.

BGR Bottom-Up -> GRAY Q100 ... Done.
  Result in test_enc_BGR_BU_GRAY_Q100.jpg
JPEG -> BGR Bottom-Up 2/1 ... Passed.
JPEG -> BGR Bottom-Up 15/8 ... Passed.
JPEG -> BGR Bottom-Up 7/4 ... Passed.
JPEG -> BGR Bottom-Up 13/8 ... Passed.
[...]
testout_420_islow_565D.bmp: OK
<end of output>
Test time =   0.00 sec
----------------------------------------------------------
Test Passed.
"djpeg-static-420-islow-565D-cmp" end time: Mar 22 20:55 CST
"djpeg-static-420-islow-565D-cmp" time elapsed: 00:00:00
----------------------------------------------------------

279/302 Testing: djpeg-static-420m-islow-565
279/302 Test: djpeg-static-420m-islow-565
Command: "/home/ren/github/test/camera/yuv2jpeg/libjpeg-turbo-master/djpeg-static" "-dct" "int" "-nosmooth" "-rgb565" "-dither" "none" "-bmp" "-outfile" "testout_420m_islow_565.bmp" "/home/ren/github/test/camera/yuv2jpeg/libjpeg-turbo-master/testimages/testorig.jpg"
Directory: /home/ren/github/test/camera/yuv2jpeg/libjpeg-turbo-master
"djpeg-static-420m-islow-565" start time: Mar 22 20:55 CST
Output:
----------------------------------------------------------
<end of output>
Test time =   0.00 sec
----------------------------------------------------------
Test Passed.
"djpeg-static-420m-islow-565" end time: Mar 22 20:55 CST
"djpeg-static-420m-islow-565" time elapsed: 00:00:00
----------------------------------------------------------

280/302 Testing: djpeg-static-420m-islow-565-cmp
280/302 Test: djpeg-static-420m-islow-565-cmp
Command: "/home/ren/github/test/camera/yuv2jpeg/libjpeg-turbo-master/md5/md5cmp" "8dc0185245353cfa32ad97027342216f" "testout_420m_islow_565.bmp"
Directory: /home/ren/github/test/camera/yuv2jpeg/libjpeg-turbo-master
"djpeg-static-420m-islow-565-cmp" start time: Mar 22 20:55 CST
Output:
----------------------------------------------------------
testout_420m_islow_565.bmp: OK
<end of output>
Test time =   0.00 sec
----------------------------------------------------------
Test Passed.
"djpeg-static-420m-islow-565-cmp" end time: Mar 22 20:55 CST
"djpeg-static-420m-islow-565-cmp" time elapsed: 00:00:00
----------------------------------------------------------

281/302 Testing: djpeg-static-420m-islow-565D
281/302 Test: djpeg-static-420m-islow-565D
Command: "/home/ren/github/test/camera/yuv2jpeg/libjpeg-turbo-master/djpeg-static" "-dct" "int" "-nosmooth" "-rgb565" "-bmp" "-outfile" "testout_420m_islow_565D.bmp" "/home/ren/github/test/camera/yuv2jpeg/libjpeg-turbo-master/testimages/testorig.jpg"
Directory: /home/ren/github/test/camera/yuv2jpeg/libjpeg-turbo-master
"djpeg-static-420m-islow-565D" start time: Mar 22 20:55 CST
Output:
----------------------------------------------------------
<end of output>
Test time =   0.00 sec
----------------------------------------------------------
Test Passed.
"djpeg-static-420m-islow-565D" end time: Mar 22 20:55 CST
"djpeg-static-420m-islow-565D" time elapsed: 00:00:00
----------------------------------------------------------

282/302 Testing: djpeg-static-420m-islow-565D-cmp
282/302 Test: djpeg-static-420m-islow-565D-cmp
Command: "/home/ren/github/test/camera/yuv2jpeg/libjpeg-turbo-master/md5/md5cmp" "ce034037d212bc403330df6f915c161b" "testout_420m_islow_565D.bmp"
Directory: /home/ren/github/test/camera/yuv2jpeg/libjpeg-turbo-master
"djpeg-static-420m-islow-565D-cmp" start time: Mar 22 20:55 CST
Output:
----------------------------------------------------------
testout_420m_islow_565D.bmp: OK
<end of output>
Test time =   0.00 sec
----------------------------------------------------------
Test Passed.
"djpeg-static-420m-islow-565D-cmp" end time: Mar 22 20:55 CST
"djpeg-static-420m-islow-565D-cmp" time elapsed: 00:00:00
----------------------------------------------------------

283/302 Testing: djpeg-static-420-islow-skip15_31
283/302 Test: djpeg-static-420-islow-skip15_31
Command: "/home/ren/github/test/camera/yuv2jpeg/libjpeg-turbo-master/djpeg-static" "-dct" "int" "-skip" "15,31" "-ppm" "-outfile" "testout_420_islow_skip15,31.ppm" "/home/ren/github/test/camera/yuv2jpeg/libjpeg-turbo-master/testimages/testorig.jpg"
Directory: /home/ren/github/test/camera/yuv2jpeg/libjpeg-turbo-master
"djpeg-static-420-islow-skip15_31" start time: Mar 22 20:55 CST
Output:
----------------------------------------------------------
<end of output>
Test time =   0.00 sec
----------------------------------------------------------
Test Passed.
"djpeg-static-420-islow-skip15_31" end time: Mar 22 20:55 CST
"djpeg-static-420-islow-skip15_31" time elapsed: 00:00:00
----------------------------------------------------------

284/302 Testing: djpeg-static-420-islow-skip15_31-cmp
284/302 Test: djpeg-static-420-islow-skip15_31-cmp
Command: "/home/ren/github/test/camera/yuv2jpeg/libjpeg-turbo-master/md5/md5cmp" "c4c65c1e43d7275cd50328a61e6534f0" "testout_420_islow_skip15,31.ppm"
Directory: /home/ren/github/test/camera/yuv2jpeg/libjpeg-turbo-master
"djpeg-static-420-islow-skip15_31-cmp" start time: Mar 22 20:55 CST
Output:
----------------------------------------------------------
testout_420_islow_skip15,31.ppm: OK
<end of output>
Test time =   0.00 sec
----------------------------------------------------------
Test Passed.
"djpeg-static-420-islow-skip15_31-cmp" end time: Mar 22 20:55 CST
"djpeg-static-420-islow-skip15_31-cmp" time elapsed: 00:00:00
----------------------------------------------------------

285/302 Testing: djpeg-static-420-islow-ari-skip16_139
285/302 Test: djpeg-static-420-islow-ari-skip16_139
Command: "/home/ren/github/test/camera/yuv2jpeg/libjpeg-turbo-master/djpeg-static" "-dct" "int" "-skip" "16,139" "-ppm" "-outfile" "testout_420_islow_ari_skip16,139.ppm" "/home/ren/github/test/camera/yuv2jpeg/libjpeg-turbo-master/testimages/testimgari.jpg"
Directory: /home/ren/github/test/camera/yuv2jpeg/libjpeg-turbo-master
"djpeg-static-420-islow-ari-skip16_139" start time: Mar 22 20:55 CST
Output:
----------------------------------------------------------
<end of output>
Test time =   0.00 sec
----------------------------------------------------------
Test Passed.
"djpeg-static-420-islow-ari-skip16_139" end time: Mar 22 20:55 CST
"djpeg-static-420-islow-ari-skip16_139" time elapsed: 00:00:00
----------------------------------------------------------

286/302 Testing: djpeg-static-420-islow-ari-skip16_139-cmp
286/302 Test: djpeg-static-420-islow-ari-skip16_139-cmp
Command: "/home/ren/github/test/camera/yuv2jpeg/libjpeg-turbo-master/md5/md5cmp" "087c6b123db16ac00cb88c5b590bb74a" "testout_420_islow_ari_skip16,139.ppm"
Directory: /home/ren/github/test/camera/yuv2jpeg/libjpeg-turbo-master
"djpeg-static-420-islow-ari-skip16_139-cmp" start time: Mar 22 20:55 CST
Output:
----------------------------------------------------------
testout_420_islow_ari_skip16,139.ppm: OK
<end of output>
Test time =   0.00 sec
----------------------------------------------------------
Test Passed.
"djpeg-static-420-islow-ari-skip16_139-cmp" end time: Mar 22 20:55 CST
"djpeg-static-420-islow-ari-skip16_139-cmp" time elapsed: 00:00:00
----------------------------------------------------------

287/302 Testing: cjpeg-static-420-islow-prog
287/302 Test: cjpeg-static-420-islow-prog
Command: "/home/ren/github/test/camera/yuv2jpeg/libjpeg-turbo-master/cjpeg-static" "-dct" "int" "-prog" "-outfile" "testout_420_islow_prog.jpg" "/home/ren/github/test/camera/yuv2jpeg/libjpeg-turbo-master/testimages/testorig.ppm"
Directory: /home/ren/github/test/camera/yuv2jpeg/libjpeg-turbo-master
"cjpeg-static-420-islow-prog" start time: Mar 22 20:55 CST
Output:
----------------------------------------------------------
<end of output>
Test time =   0.00 sec
----------------------------------------------------------
Test Passed.
"cjpeg-static-420-islow-prog" end time: Mar 22 20:55 CST
"cjpeg-static-420-islow-prog" time elapsed: 00:00:00
----------------------------------------------------------

288/302 Testing: djpeg-static-420-islow-prog-crop62x62_71_71
288/302 Test: djpeg-static-420-islow-prog-crop62x62_71_71
Command: "/home/ren/github/test/camera/yuv2jpeg/libjpeg-turbo-master/djpeg-static" "-dct" "int" "-crop" "62x62+71+71" "-ppm" "-outfile" "testout_420_islow_prog_crop62x62,71,71.ppm" "testout_420_islow_prog.jpg"
Directory: /home/ren/github/test/camera/yuv2jpeg/libjpeg-turbo-master
"djpeg-static-420-islow-prog-crop62x62_71_71" start time: Mar 22 20:55 CST
Output:
----------------------------------------------------------
<end of output>
Test time =   0.00 sec
----------------------------------------------------------
Test Passed.
"djpeg-static-420-islow-prog-crop62x62_71_71" end time: Mar 22 20:55 CST
"djpeg-static-420-islow-prog-crop62x62_71_71" time elapsed: 00:00:00
----------------------------------------------------------

289/302 Testing: djpeg-static-420-islow-prog-crop62x62_71_71-cmp
289/302 Test: djpeg-static-420-islow-prog-crop62x62_71_71-cmp
Command: "/home/ren/github/test/camera/yuv2jpeg/libjpeg-turbo-master/md5/md5cmp" "26eb36ccc7d1f0cb80cdabb0ac8b5d99" "testout_420_islow_prog_crop62x62,71,71.ppm"
Directory: /home/ren/github/test/camera/yuv2jpeg/libjpeg-turbo-master
"djpeg-static-420-islow-prog-crop62x62_71_71-cmp" start time: Mar 22 20:55 CST
Output:
----------------------------------------------------------
testout_420_islow_prog_crop62x62,71,71.ppm: OK
<end of output>
Test time =   0.00 sec
----------------------------------------------------------
Test Passed.
"djpeg-static-420-islow-prog-crop62x62_71_71-cmp" end time: Mar 22 20:55 CST
"djpeg-static-420-islow-prog-crop62x62_71_71-cmp" time elapsed: 00:00:00
----------------------------------------------------------

290/302 Testing: djpeg-static-420-islow-ari-crop53x53_4_4
290/302 Test: djpeg-static-420-islow-ari-crop53x53_4_4
Command: "/home/ren/github/test/camera/yuv2jpeg/libjpeg-turbo-master/djpeg-static" "-dct" "int" "-crop" "53x53+4+4" "-ppm" "-outfile" "testout_420_islow_ari_crop53x53,4,4.ppm" "/home/ren/github/test/camera/yuv2jpeg/libjpeg-turbo-master/testimages/testimgari.jpg"
Directory: /home/ren/github/test/camera/yuv2jpeg/libjpeg-turbo-master
"djpeg-static-420-islow-ari-crop53x53_4_4" start time: Mar 22 20:55 CST
Output:
----------------------------------------------------------
<end of output>
Test time =   0.00 sec
----------------------------------------------------------
Test Passed.
"djpeg-static-420-islow-ari-crop53x53_4_4" end time: Mar 22 20:55 CST
"djpeg-static-420-islow-ari-crop53x53_4_4" time elapsed: 00:00:00
----------------------------------------------------------

291/302 Testing: djpeg-static-420-islow-ari-crop53x53_4_4-cmp
291/302 Test: djpeg-static-420-islow-ari-crop53x53_4_4-cmp
Command: "/home/ren/github/test/camera/yuv2jpeg/libjpeg-turbo-master/md5/md5cmp" "886c6775af22370257122f8b16207e6d" "testout_420_islow_ari_crop53x53,4,4.ppm"
Directory: /home/ren/github/test/camera/yuv2jpeg/libjpeg-turbo-master
"djpeg-static-420-islow-ari-crop53x53_4_4-cmp" start time: Mar 22 20:55 CST
Output:
----------------------------------------------------------
testout_420_islow_ari_crop53x53,4,4.ppm: OK
<end of output>
Test time =   0.00 sec
----------------------------------------------------------
Test Passed.
"djpeg-static-420-islow-ari-crop53x53_4_4-cmp" end time: Mar 22 20:55 CST
"djpeg-static-420-islow-ari-crop53x53_4_4-cmp" time elapsed: 00:00:00
----------------------------------------------------------

292/302 Testing: cjpeg-static-444-islow
292/302 Test: cjpeg-static-444-islow
Command: "/home/ren/github/test/camera/yuv2jpeg/libjpeg-turbo-master/cjpeg-static" "-dct" "int" "-sample" "1x1" "-outfile" "testout_444_islow.jpg" "/home/ren/github/test/camera/yuv2jpeg/libjpeg-turbo-master/testimages/testorig.ppm"
Directory: /home/ren/github/test/camera/yuv2jpeg/libjpeg-turbo-master
"cjpeg-static-444-islow" start time: Mar 22 20:55 CST
Output:
----------------------------------------------------------
<end of output>
Test time =   0.00 sec
----------------------------------------------------------
Test Passed.
"cjpeg-static-444-islow" end time: Mar 22 20:55 CST
"cjpeg-static-444-islow" time elapsed: 00:00:00
----------------------------------------------------------

293/302 Testing: djpeg-static-444-islow-skip1_6
293/302 Test: djpeg-static-444-islow-skip1_6
Command: "/home/ren/github/test/camera/yuv2jpeg/libjpeg-turbo-master/djpeg-static" "-dct" "int" "-skip" "1,6" "-ppm" "-outfile" "testout_444_islow_skip1,6.ppm" "testout_444_islow.jpg"
Directory: /home/ren/github/test/camera/yuv2jpeg/libjpeg-turbo-master
"djpeg-static-444-islow-skip1_6" start time: Mar 22 20:55 CST
Output:
----------------------------------------------------------
<end of output>
Test time =   0.00 sec
----------------------------------------------------------
Test Passed.
"djpeg-static-444-islow-skip1_6" end time: Mar 22 20:55 CST
"djpeg-static-444-islow-skip1_6" time elapsed: 00:00:00
----------------------------------------------------------

294/302 Testing: djpeg-static-444-islow-skip1_6-cmp
294/302 Test: djpeg-static-444-islow-skip1_6-cmp
Command: "/home/ren/github/test/camera/yuv2jpeg/libjpeg-turbo-master/md5/md5cmp" "5606f86874cf26b8fcee1117a0a436a6" "testout_444_islow_skip1,6.ppm"
Directory: /home/ren/github/test/camera/yuv2jpeg/libjpeg-turbo-master
"djpeg-static-444-islow-skip1_6-cmp" start time: Mar 22 20:55 CST
Output:
----------------------------------------------------------
testout_444_islow_skip1,6.ppm: OK
<end of output>
Test time =   0.00 sec
----------------------------------------------------------
Test Passed.
"djpeg-static-444-islow-skip1_6-cmp" end time: Mar 22 20:55 CST
"djpeg-static-444-islow-skip1_6-cmp" time elapsed: 00:00:00
----------------------------------------------------------

295/302 Testing: cjpeg-static-444-islow-prog
295/302 Test: cjpeg-static-444-islow-prog
Command: "/home/ren/github/test/camera/yuv2jpeg/libjpeg-turbo-master/cjpeg-static" "-dct" "int" "-prog" "-sample" "1x1" "-outfile" "testout_444_islow_prog.jpg" "/home/ren/github/test/camera/yuv2jpeg/libjpeg-turbo-master/testimages/testorig.ppm"
Directory: /home/ren/github/test/camera/yuv2jpeg/libjpeg-turbo-master
"cjpeg-static-444-islow-prog" start time: Mar 22 20:55 CST
Output:
----------------------------------------------------------
<end of output>
Test time =   0.01 sec
----------------------------------------------------------
Test Passed.
"cjpeg-static-444-islow-prog" end time: Mar 22 20:55 CST
"cjpeg-static-444-islow-prog" time elapsed: 00:00:00
----------------------------------------------------------

296/302 Testing: djpeg-static-444-islow-prog-crop98x98_13_13
296/302 Test: djpeg-static-444-islow-prog-crop98x98_13_13
Command: "/home/ren/github/test/camera/yuv2jpeg/libjpeg-turbo-master/djpeg-static" "-dct" "int" "-crop" "98x98+13+13" "-ppm" "-outfile" "testout_444_islow_prog_crop98x98,13,13.ppm" "testout_444_islow_prog.jpg"
Directory: /home/ren/github/test/camera/yuv2jpeg/libjpeg-turbo-master
"djpeg-static-444-islow-prog-crop98x98_13_13" start time: Mar 22 20:55 CST
Output:
----------------------------------------------------------
<end of output>
Test time =   0.00 sec
----------------------------------------------------------
Test Passed.
"djpeg-static-444-islow-prog-crop98x98_13_13" end time: Mar 22 20:55 CST
"djpeg-static-444-islow-prog-crop98x98_13_13" time elapsed: 00:00:00
----------------------------------------------------------

297/302 Testing: djpeg-static-444-islow-prog-crop98x98_13_13-cmp
297/302 Test: djpeg-static-444-islow-prog-crop98x98_13_13-cmp
Command: "/home/ren/github/test/camera/yuv2jpeg/libjpeg-turbo-master/md5/md5cmp" "db87dc7ce26bcdc7a6b56239ce2b9d6c" "testout_444_islow_prog_crop98x98,13,13.ppm"
Directory: /home/ren/github/test/camera/yuv2jpeg/libjpeg-turbo-master
"djpeg-static-444-islow-prog-crop98x98_13_13-cmp" start time: Mar 22 20:55 CST
Output:
----------------------------------------------------------
testout_444_islow_prog_crop98x98,13,13.ppm: OK
<end of output>
Test time =   0.00 sec
----------------------------------------------------------
Test Passed.
"djpeg-static-444-islow-prog-crop98x98_13_13-cmp" end time: Mar 22 20:55 CST
"djpeg-static-444-islow-prog-crop98x98_13_13-cmp" time elapsed: 00:00:00
----------------------------------------------------------

298/302 Testing: cjpeg-static-444-islow-ari
298/302 Test: cjpeg-static-444-islow-ari
Command: "/home/ren/github/test/camera/yuv2jpeg/libjpeg-turbo-master/cjpeg-static" "-dct" "int" "-arithmetic" "-sample" "1x1" "-outfile" "testout_444_islow_ari.jpg" "/home/ren/github/test/camera/yuv2jpeg/libjpeg-turbo-master/testimages/testorig.ppm"
Directory: /home/ren/github/test/camera/yuv2jpeg/libjpeg-turbo-master
"cjpeg-static-444-islow-ari" start time: Mar 22 20:55 CST
Output:
----------------------------------------------------------
<end of output>
Test time =   0.00 sec
----------------------------------------------------------
Test Passed.
"cjpeg-static-444-islow-ari" end time: Mar 22 20:55 CST
"cjpeg-static-444-islow-ari" time elapsed: 00:00:00
----------------------------------------------------------

299/302 Testing: djpeg-static-444-islow-ari-crop37x37_0_0
299/302 Test: djpeg-static-444-islow-ari-crop37x37_0_0
Command: "/home/ren/github/test/camera/yuv2jpeg/libjpeg-turbo-master/djpeg-static" "-dct" "int" "-crop" "37x37+0+0" "-ppm" "-outfile" "testout_444_islow_ari_crop37x37,0,0.ppm" "testout_444_islow_ari.jpg"
Directory: /home/ren/github/test/camera/yuv2jpeg/libjpeg-turbo-master
"djpeg-static-444-islow-ari-crop37x37_0_0" start time: Mar 22 20:55 CST
Output:
----------------------------------------------------------
<end of output>
Test time =   0.00 sec
----------------------------------------------------------
Test Passed.
"djpeg-static-444-islow-ari-crop37x37_0_0" end time: Mar 22 20:55 CST
"djpeg-static-444-islow-ari-crop37x37_0_0" time elapsed: 00:00:00
----------------------------------------------------------

300/302 Testing: djpeg-static-444-islow-ari-crop37x37_0_0-cmp
300/302 Test: djpeg-static-444-islow-ari-crop37x37_0_0-cmp
Command: "/home/ren/github/test/camera/yuv2jpeg/libjpeg-turbo-master/md5/md5cmp" "cb57b32bd6d03e35432362f7bf184b6d" "testout_444_islow_ari_crop37x37,0,0.ppm"
Directory: /home/ren/github/test/camera/yuv2jpeg/libjpeg-turbo-master
"djpeg-static-444-islow-ari-crop37x37_0_0-cmp" start time: Mar 22 20:55 CST
Output:
----------------------------------------------------------
testout_444_islow_ari_crop37x37,0,0.ppm: OK
<end of output>
Test time =   0.00 sec
----------------------------------------------------------
Test Passed.
"djpeg-static-444-islow-ari-crop37x37_0_0-cmp" end time: Mar 22 20:55 CST
"djpeg-static-444-islow-ari-crop37x37_0_0-cmp" time elapsed: 00:00:00
----------------------------------------------------------

301/302 Testing: jpegtran-static-crop
301/302 Test: jpegtran-static-crop
Command: "/home/ren/github/test/camera/yuv2jpeg/libjpeg-turbo-master/jpegtran-static" "-crop" "120x90+20+50" "-transpose" "-perfect" "-outfile" "testout_crop.jpg" "/home/ren/github/test/camera/yuv2jpeg/libjpeg-turbo-master/testimages/testorig.jpg"
Directory: /home/ren/github/test/camera/yuv2jpeg/libjpeg-turbo-master
"jpegtran-static-crop" start time: Mar 22 20:55 CST
Output:
----------------------------------------------------------
<end of output>
Test time =   0.00 sec
----------------------------------------------------------
Test Passed.
"jpegtran-static-crop" end time: Mar 22 20:55 CST
"jpegtran-static-crop" time elapsed: 00:00:00
----------------------------------------------------------

302/302 Testing: jpegtran-static-crop-cmp
302/302 Test: jpegtran-static-crop-cmp
Command: "/home/ren/github/test/camera/yuv2jpeg/libjpeg-turbo-master/md5/md5cmp" "b4197f377e621c4e9b1d20471432610d" "testout_crop.jpg"
Directory: /home/ren/github/test/camera/yuv2jpeg/libjpeg-turbo-master
"jpegtran-static-crop-cmp" start time: Mar 22 20:55 CST
Output:
----------------------------------------------------------
testout_crop.jpg: OK
<end of output>
Test time =   0.00 sec
----------------------------------------------------------
Test Passed.
"jpegtran-static-crop-cmp" end time: Mar 22 20:55 CST
"jpegtran-static-crop-cmp" time elapsed: 00:00:00
----------------------------------------------------------

End testing: Mar 22 20:55 CST
